****************************************************************************
***                          Sentaurus Process                           ***
***                        Version K-2015.06-SP1                         ***
***                            (1.13, RHEL64)                            ***
***                                                                      ***
***                       Copyright (C) 1993-2002                        ***
***          The board of regents of the University of Florida           ***
***                       Copyright (C) 1994-2015                        ***
***                            Synopsys, Inc.                            ***
***                                                                      ***
***  This software and the associated documentation are confidential     ***
***  and proprietary to Synopsys, Inc.  Your use or disclosure of this   ***
***  software is subject to the terms and conditions of a written        ***
***  license agreement between you, or your company, and Synopsys, Inc.  ***
****************************************************************************

Compiled Fri Jul 17 23:08:37 PDT 2015 on tcadbld1

      Started at: Wed May 18 20:01:54 2016 (PDT)
       User name: spatel
       Host name: n0024.banatao.berkeley.edu
             PID: 1706
    Architecture: x86_64
Operating system: Linux rel. 2.6.32-358.el6.x86_64 ver. #1 SMP Fri Feb 22 20:37:17 CST 2013

------------------------------------------------------------------------------
Checking syntax of n606_fps.cmd:

Syntax check complete.
------------------------------------------------------------------------------

Starting Tcl interpreter with inputfile: n606_fps.cmd
            sprocess: Checked Out

Loading models file: /opt/synopsys/K_2015.06-SP1/bin/../tcad/current/lib/sprocess-24.0.13/TclLib/SPROCESS.models... done.
------------------------------------------------------------------- icwb -----
icwb filename= "SRAM_lyt.mac" scale= 0.00100
------------------------------------------------------------------------------
------------------------------------------------------------------- icwb -----
icwb domains list
------------------------------------------------------------------------------
icwb: LDomains -> SIM2N SIM2P TRENCH2D SRAM6T NMOS3D PMOS3D 
------------------------------------------------------------------- icwb -----
icwb layerNames list
------------------------------------------------------------------------------
icwb: LNames -> Active pWELL POLY Gate_ACC1 Drain_ACC1 Drain_N1 Source_N1 Drain_P1 Source_P1 Gate_ACC2 Drain_ACC2 Drain_N2 Source_N2 Drain_P2 Source_P2 Gate_N1 Gate_N2 Gate_P2 Gate_P1 Mesh_EXT 
------------------------------------------------------------------- icwb -----
icwb layerIDs list
------------------------------------------------------------------------------
icwb: LIDs -> 1:0 2:0 3:0 30:1 31:0 32:0 33:0 34:0 35:0 36:1 37:1 38:1 39:1 40:1 41:1 51:0 52:0 53:0 54:0 60:1 
------------------------------------------------------------------- icwb -----
icwb domain= {SIM2N}
------------------------------------------------------------------------------
------------------------------------------------------------------- icwb -----
icwb stretch name= "SIM2N_L" value= -0.0100
------------------------------------------------------------------------------
------------------------------------------------------------------- icwb -----
icwb dimension
------------------------------------------------------------------------------
icwb: dimension -> 2 
------------------------------------------------------------------- icwb -----
icwb bbox left
------------------------------------------------------------------------------
------------------------------------------------------------------- icwb -----
icwb bbox right
------------------------------------------------------------------------------
icwb: Domain boundaries -> 0  0.1025 
------------------------------------------------------------------- init -----
init tdr= "n605"
------------------------------------------------------------------------------
Found touching/overlapping segments, merging.
          sprocess2d: Checked Out

Recreating refinements to take into account updated simulation dimension.
Done recreating refinements.


Points: 2216
Nodes: 2793
Edges: 7041
Faces: 4262
Volumes: 0

------------------------------------------------------------------- etch -----
etch time= 1.00<min> rate= {0.00800<um/min>} type= "anisotropic" material= {Oxide}
------------------------------------------------------------------------------
Front move mechanism: 2D Fastmarch.
MGoals time: 0.17615

Updating sprocess mesh before Etch/Depo relax.
------------------------------------------------------------------------------
Refinement Boxes:
* Name: (not named), Type: Interface
* Name: WellVt, Type: Standard
* Name: ExtImp, Type: Standard
* Name: ExtXY, Type: Standard
* Name: ExtIF, Type: Interface
------------------------------------------------------------------------------
Generating SnMesh mesh... 
** Generating 2d grid **

Creating binary tree...done.
Imprinting binary tree on the boundary...done.
Optimizing boundary nodes...done.

Number of vertices after binary tree generation : 
  1699 (tree) + 323 (boundary)


=================================  brep2d quality  =====================================
minAngle: 20.5967  [near (-0.00578178 0.0210819)] at region=Oxide_1
nVerts = 323  nTris = 329  nRegs = 16
bmin: 10 0
bmax: -0.153594 0.05125
min area: 4.86019e-05  max area: 2.5  total area  : 20.6112 interface area: 0.201522
total volume: 0.520372
Conformal? true
Are all boundaries on bbox? true
==================================================================================
** Delaunizing the mesh **

Creating delaunizer input...done.
Solving edges...done 
Optimizing elements...done. (1917 vertices)
Fixing diagonals...done.

The final mesh has: 
    1913 points.
    3668 elements.
       7 regions.
Max. connectivity = 10 located at (-0.00119995;0.0192188)

SnMesh time: 0.209968

========================  tri-grid quality (Gas excluded)  =======================
    0  10  20  30  40  50  60  70  80  90 100 110 120 130 140 150 160 170 180
 %    2   2   6   4  16  16   4   6   2  30  .   .   .   .   .   .         
---------------------------------------------------------------------------------
minAngle: 0.0367051  maxAngle: 148.708
nVerts = 1913  nTris = 3668  nMats = 7
max connectivity (tris per node): 10
bmin: 10 0
bmax: -0.153594 0.05125
min edgeLength: 9.57542e-06  [near (-0.0023999 0.041245)]
min volume: 7.70536e-10  max volume: 0.0320313  Total volume: 0.513286
bbox  volume: 0.520372
Are all boundaries on bbox? true
=================================================================================
Initializing sprocess...time: 0.488926
Interpolating...elapsed time: 0.28
sprocess ILS thread count = 1
  lin norm 3.3986e-11  vel err 4.4148e-05
sprocess parallel assembly thread count = 1
- - - - - - - - - - - - - - - - - - - - - - - - - - - - - - - - - - - - - - - 
Mechanics:         0s   to         1s   step    :         1s   temp: 26.9C->26.9C

------------------------------------------------------------------- etch -----
etch time= 1.40<min> rate= {0.00200<um/min>} type= "isotropic" material= {Oxide}
------------------------------------------------------------------------------
Attempting direct shape generation.
FastMarch.
MGoals time: 0.161679

Updating sprocess mesh before Etch/Depo relax.
------------------------------------------------------------------------------
Refinement Boxes:
* Name: (not named), Type: Interface
* Name: WellVt, Type: Standard
* Name: ExtImp, Type: Standard
* Name: ExtXY, Type: Standard
* Name: ExtIF, Type: Interface
------------------------------------------------------------------------------
Generating SnMesh mesh... 
** Generating 2d grid **

Creating binary tree...done.
Imprinting binary tree on the boundary...done.
Optimizing boundary nodes...done.

Number of vertices after binary tree generation : 
  1679 (tree) + 318 (boundary)


=================================  brep2d quality  =====================================
minAngle: 56.4722  [near (-0.0265321 0.0412498)] at region=Oxide_1
nVerts = 318  nTris = 324  nRegs = 19
bmin: 10 0
bmax: -0.153594 0.05125
min area: 6.70095e-05  max area: 2.5  total area  : 20.606 interface area: 0.196338
total volume: 0.520372
Conformal? true
Are all boundaries on bbox? true
==================================================================================
** Delaunizing the mesh **

Creating delaunizer input...done.
Solving edges...done 
Optimizing elements...done. (1875 vertices)
Fixing diagonals...done.

The final mesh has: 
    1871 points.
    3583 elements.
       7 regions.
Max. connectivity = 9 located at (0.000610352;0.0208203)

SnMesh time: 0.203969

========================  tri-grid quality (Gas excluded)  =======================
    0  10  20  30  40  50  60  70  80  90 100 110 120 130 140 150 160 170 180
 %    2   2   6   4  16  16   4   7   2  30  .   .   .   .   .   .   .     
---------------------------------------------------------------------------------
minAngle: 0.0367051  maxAngle: 156.612
nVerts = 1871  nTris = 3583  nMats = 7
max connectivity (tris per node): 9
bmin: 10 0
bmax: -0.153594 0.05125
min edgeLength: 9.57542e-06  [near (-0.0023999 0.041245)]
min volume: 2.5383e-10  max volume: 0.0320313  Total volume: 0.51326
bbox  volume: 0.520372
Are all boundaries on bbox? true
=================================================================================
Initializing sprocess...time: 0.497925
Interpolating...elapsed time: 0.28
  lin norm 7.7822e-11  vel err 4.4049e-05
- - - - - - - - - - - - - - - - - - - - - - - - - - - - - - - - - - - - - - - 
Mechanics:         0s   to         1s   step    :         1s   temp: 26.9C->26.9C

----------------------------------------------------------------- pdbSet -----
pdbSet NickelSilicide Silicon ORS 0
------------------------------------------------------------------------------
----------------------------------------------------------------- pdbSet -----
pdbSet Grid MinimumVelocity 1e-12
------------------------------------------------------------------------------
----------------------------------------------------------------- pdbSet -----
pdbSet Mechanics SilicidationCorrection { 1 }
------------------------------------------------------------------------------
----------------------------------------------------------------- pdbSet -----
pdbSet Grid NativeLayerThickness 1.5e-7
------------------------------------------------------------------------------
----------------------------------------------------------------- pdbSet -----
pdbSet NickelSilicide Grid perp.add.dist 2e-7
------------------------------------------------------------------------------
----------------------------------------------------------------- pdbSet -----
pdbSet NickelSilicide Silicon Dstar { {[Arr 0.02  1.6]} }
------------------------------------------------------------------------------
----------------------------------------------------------------- pdbSet -----
pdbSet NickelSilicide_Silicon Silicon Expansion.Ratio 1.0
------------------------------------------------------------------------------
----------------------------------------------------------------- pdbSet -----
pdbSet NickelSilicide_Silicon Silicon Density.Grow 2.5e22
------------------------------------------------------------------------------
----------------------------------------------------------------- pdbSet -----
pdbSet Nickel_NickelSilicide Silicon Expansion.Ratio 1.0
------------------------------------------------------------------------------
----------------------------------------------------------------- pdbSet -----
pdbSet Nickel_NickelSilicide Silicon Density.Grow 3.5e22
------------------------------------------------------------------------------
----------------------------------------------------------------- pdbSet -----
pdbSet NickelSilicide_Silicon SilicidationTripleDistance 20e-7
------------------------------------------------------------------------------
----------------------------------------------------------------- pdbSet -----
pdbSet Nickel_NickelSilicide SilicidationTripleDistance 20e-7
------------------------------------------------------------------------------
----------------------------------------------------------------- pdbSet -----
pdbSet NickelSilicide_Silicon SilicidationTripleFactor 0
------------------------------------------------------------------------------
--------------------------------------------------------------- reaction -----
reaction delete name= "poly_silicidation_ni"
------------------------------------------------------------------------------
------------------------------------------------------------------- etch -----
etch time= 1.00<min> rate= {5.00e-04<um/min>} type= "isotropic" material= {Silicon}
------------------------------------------------------------------------------
Attempting direct shape generation.
FastMarch.
MGoals time: 0.201613

Updating sprocess mesh before Etch/Depo relax.
------------------------------------------------------------------------------
Refinement Boxes:
* Name: (not named), Type: Interface
* Name: WellVt, Type: Standard
* Name: ExtImp, Type: Standard
* Name: ExtXY, Type: Standard
* Name: ExtIF, Type: Interface
------------------------------------------------------------------------------
Generating SnMesh mesh... 
** Generating 2d grid **

Creating binary tree...done.
Imprinting binary tree on the boundary...done.
Optimizing boundary nodes...done.

Number of vertices after binary tree generation : 
  1676 (tree) + 321 (boundary)


=================================  brep2d quality  =====================================
minAngle: 56.4722  [near (-0.0265321 0.0412498)] at region=Oxide_1
nVerts = 321  nTris = 327  nRegs = 19
bmin: 10 0
bmax: -0.153594 0.05125
min area: 1.67222e-05  max area: 2.5  total area  : 20.6066 interface area: 0.196919
total volume: 0.520372
Conformal? true
Are all boundaries on bbox? true
==================================================================================
** Delaunizing the mesh **

Creating delaunizer input...done.
Solving edges...done 
Optimizing elements...done. (1878 vertices)
Fixing diagonals...done.

The final mesh has: 
    1874 points.
    3589 elements.
       7 regions.
Max. connectivity = 9 located at (-0.00959961;0.025625)

SnMesh time: 0.213968

========================  tri-grid quality (Gas excluded)  =======================
    0  10  20  30  40  50  60  70  80  90 100 110 120 130 140 150 160 170 180
 %    2   2   6   4  16  16   4   6   2  30  .   .   .   .   .   .   .     
---------------------------------------------------------------------------------
minAngle: 0.0367051  maxAngle: 156.612
nVerts = 1874  nTris = 3589  nMats = 7
max connectivity (tris per node): 9
bmin: 10 0
bmax: -0.153594 0.05125
min edgeLength: 9.57542e-06  [near (-0.0023999 0.041245)]
min volume: 2.5383e-10  max volume: 0.0320313  Total volume: 0.513249
bbox  volume: 0.520372
Are all boundaries on bbox? true
=================================================================================
Initializing sprocess...time: 0.513922
Interpolating...elapsed time: 0.28
  lin norm 3.5851e-12  vel err 5.4665e-06
- - - - - - - - - - - - - - - - - - - - - - - - - - - - - - - - - - - - - - - 
Mechanics:         0s   to         1s   step    :         1s   temp: 26.9C->26.9C

---------------------------------------------------------- pdbSetBoolean -----
pdbSetBoolean Silicon Mechanics UpdateStrain 0
------------------------------------------------------------------------------
---------------------------------------------------------------- deposit -----
deposit Nickel type= "isotropic" thickness= 0.0150<um>
------------------------------------------------------------------------------
Attempting direct shape generation.
FastMarch.
MGoals time: 0.179883

Updating sprocess mesh before Etch/Depo relax.
------------------------------------------------------------------------------
Refinement Boxes:
* Name: (not named), Type: Interface
* Name: WellVt, Type: Standard
* Name: ExtImp, Type: Standard
* Name: ExtXY, Type: Standard
* Name: ExtIF, Type: Interface
------------------------------------------------------------------------------
Generating SnMesh mesh... 
** Generating 2d grid **

Creating binary tree...done.
Imprinting binary tree on the boundary...done.
Optimizing boundary nodes...done.

Number of vertices after binary tree generation : 
  1676 (tree) + 370 (boundary)


=================================  brep2d quality  =====================================
minAngle: 56.4722  [near (-0.0265321 0.0412498)] at region=Oxide_1
nVerts = 370  nTris = 377  nRegs = 20
bmin: 10 0
bmax: -0.153594 0.05125
min area: 1.67222e-05  max area: 2.5  total area  : 20.6748 interface area: 0.265153
total volume: 0.520372
Conformal? true
Are all boundaries on bbox? true
==================================================================================
** Delaunizing the mesh **

Creating delaunizer input...done.
Solving edges...done 
Optimizing elements...done. (1932 vertices)
Fixing diagonals...done.

The final mesh has: 
    1928 points.
    3695 elements.
       8 regions.
Max. connectivity = 12 located at (-0.0191992;0.0192188)

SnMesh time: 0.213967

========================  tri-grid quality (Gas excluded)  =======================
    0  10  20  30  40  50  60  70  80  90 100 110 120 130 140 150 160 170 180
 %    2   2   6   5  17  17   5   7   3  32  .   .   .   .   .   .   .     
---------------------------------------------------------------------------------
minAngle: 0.0367051  maxAngle: 163.758
nVerts = 1928  nTris = 3695  nMats = 8
max connectivity (tris per node): 12
bmin: 10 0
bmax: -0.153594 0.05125
min edgeLength: 9.57542e-06  [near (-0.0023999 0.041245)]
min volume: 2.5383e-10  max volume: 0.0320313  Total volume: 0.51433
bbox  volume: 0.520372
Are all boundaries on bbox? true
=================================================================================
Initializing sprocess...time: 0.581912
Interpolating...elapsed time: 0.55
  lin norm 2.2817e-12  vel err 6.7471e-16
- - - - - - - - - - - - - - - - - - - - - - - - - - - - - - - - - - - - - - - 
Mechanics:         0s   to         1s   step    :         1s   temp: 26.9C->26.9C
---------------------------------------------------------------- diffuse -----
diffuse time= 0.500<s> temperature= 500.00<C> minT= 300.00<C> stress.relax
------------------------------------------------------------------------------
Temperature gap is ignored when StressHistory is not set. 
The following moving boundary operation(s) will be performed: material reactions (e.g. silicidation)
Attempting direct shape generation.
FastMarch.
------------------------------------------------------------------------------
Refinement Boxes:
* Name: (not named), Type: Interface
* Name: WellVt, Type: Standard
* Name: ExtImp, Type: Standard
* Name: ExtXY, Type: Standard
* Name: ExtIF, Type: Interface
------------------------------------------------------------------------------
Generating SnMesh mesh... 
** Generating 2d grid **

Creating binary tree...done.
Imprinting binary tree on the boundary...done.
Optimizing boundary nodes...done.

Number of vertices after binary tree generation : 
  1697 (tree) + 398 (boundary)


=================================  brep2d quality  =====================================
minAngle: 56.4722  [near (-0.0265321 0.0412498)] at region=Oxide_1
nVerts = 398  nTris = 406  nRegs = 22
bmin: 10 0
bmax: -0.153594 0.05125
min area: 1.84153e-05  max area: 2.5  total area  : 20.6991 interface area: 0.289414
total volume: 0.520372
Conformal? true
Are all boundaries on bbox? true
==================================================================================
** Delaunizing the mesh **

Creating delaunizer input...done.
Solving edges...done 
Optimizing elements...done. (1991 vertices)
Fixing diagonals...done.

The final mesh has: 
    1987 points.
    3811 elements.
       9 regions.
Max. connectivity = 12 located at (-0.0191992;0.0192188)

SnMesh time: 0.230965

========================  tri-grid quality (Gas excluded)  =======================
    0  10  20  30  40  50  60  70  80  90 100 110 120 130 140 150 160 170 180
 %    2   3   7   5  16  16   5   7   3  31  .    1  .   .   .   .   .     
---------------------------------------------------------------------------------
minAngle: 0.0367051  maxAngle: 163.758
nVerts = 1987  nTris = 3811  nMats = 9
max connectivity (tris per node): 12
bmin: 10 0
bmax: -0.153594 0.05125
min edgeLength: 5.68317e-06  [near (0.000442281 0.0240263)]
min volume: 4.97743e-11  max volume: 0.0320313  Total volume: 0.51433
bbox  volume: 0.520372
Are all boundaries on bbox? true
=================================================================================
Initializing sprocess...time: 0.701893
Interpolating...elapsed time: 0.53
MGoals time: 0.237765
---- ---- ---- ---- ---- ---- ---- ---- ---- ---- ---- ---- ---- ---- ---- ---
Anneal step:	
	Time        = 0.5s
	Initial time= 0.0001s
	Maximum time= 1.667e+36min (delT/delNT limited)
	Temperature = 500.0C
	Ramp rate   = 0C/s
	delT        = 10.0C
	delNT       = 50.0C
	delTox      = 50.0C
	Diffusion   = On
	Reaction    = On
	Assembly    = Serial
- - - - - - - - - - - - - - - - - - - - - - - - - - - - - - - - - - - - - - - 
Reaction :         0s   to    0.0001s   step    :    0.0001s   temp: 500.0C

Temperature = 500C for tr step 

Solving the TR Step
Iter Lin  SiliconReact ORSoxygen 
  1    4     6.175e+11 2.715e+11

Temperature = 500C for bdf step 

Solving the BDF Step
Iter Lin  SiliconReact ORSoxygen 
  1    4     1.948e+04 4.534e+03

Total solve time: 0.09s
- - - - - - - - - - - - - - - - - - - - - - - - - - - - - - - - - - - - - - - 
Mechanics:         0s   to    0.0001s   step    :    0.0001s   temp: 500.0C
  lin norm 1.0151e-11  vel err 0.0585365
------------------------------------------------------------ Pre-process ------
 Transition to diffusion:
-------------------------------------------------------------------------------

 Implant profiles are being pre-processed @ 500.00 C

+-------------------------------------------------------------------------------------------------+
|                                                                                                 |
| Default diffusion models for dopants/defects can be changed using the following command:        |
|                                                                                                 |
| pdbSet <mater> <dopant/defect> DiffModel <model>  (or)                                          |
| pdbSet <mater> Dopant          DiffModel <model>                                                |
|                                                                                                 |
| where <mater> is the bulk material and <model> is one of the following:                         |
| Constant, Fermi, ChargedFermi, Pair, ChargedPair, React, ChargedReact, ChargedEqulibrium,       |
| Granular, Equilibrium, Numeric.                                                                 |
|                                                                                                 |
|                                                                                                 |
| Default diffusion activation models for dopants can be changed using the following command:     |
|                                                                                                 |
| pdbSet <mater> <dopant> ActiveModel <model>                                                     |
| pdbSet <mater> Dopant   ActiveModel <model>                                                     |
|                                                                                                 |
| where <mater> is the bulk material and <model> is one of the following:                         |
| None, Solid, Precipitation, Transient, Cluster, ComplexCluster, BIC, ChargedCluster,            |
| Equilibrium, NeutralCluster.                                                                    |
|                                                                                                 |
|                                                                                                 |
| Default diffusion charge models for dopants can be changed using the following command:         |
|                                                                                                 |
| pdbSet <mater> <dopant/defect> ChargeModel <model>                                              |
| pdbSet <mater> Dopant          ChargeModel <model>                                              |
|                                                                                                 |
| where <mater> is the bulk material and <model> is one of the following:                         |
| None, DopantOnly, DopantDefect, Defect.                                                         |
|                                                                                                 |
|                                                                                                 |
| Default diffusion cluster models for defect can be changed using the following command:         |
|                                                                                                 |
| pdbSet <mater> <defect> ClusterModel <model>                                                    |
|                                                                                                 |
| where <mater> is the bulk material and <model> is one of the following:                         |
| None, Equilibrium, 311, FRENDTECH, Loop, 1Moment, 2Moment, LoopEvolution, Full, Transient.      |
|                                                                                                 |
|                                                                                                 |
| Default boundary conditions for dopants/defect can be changed using the following command:      |
|                                                                                                 |
| pdbSet <mater> <dopant/defect> BoundaryCondition <model>                                        |
|                                                                                                 |
| where <mater> is the interface material and <model> is one of the following:                    |
| HomNeumann, Natural, Dirichlet, Segregation, ThreePhaseSegregation, GrainBoundarySegregation,   |
| GrainGrainBoundarySegregation, BulkGrainBoundarySegregation.                                    |
|                                                                                                 |
|                                                                                                 |
|*** Please note that not every model parameter is available for every dopant, defect in each  ***|
|*** material.                                                                                 ***|
+-------------------------------------------------------------------------------------------------+
+--------------------------+----------------+----------------+----------------+----------------+----------------+----------------+----------------+----------------+
|  Solution Variables      | TiNitride      | Silicon        | PolySilicon    | Oxide          | Nitride        | NickelSilicide | Nickel         | HfO2           |
|  and Models              +----------------+----------------+----------------+----------------+----------------+----------------+----------------+----------------+
+--------------------------+----------------+----------------+----------------+----------------+----------------+----------------+----------------+----------------+
| Arsenic   :              |                |                |                |                |                |                |                |                |
|        DiffModel     --> | Constant       | ChargedPair    | Fermi          | Constant       | Constant       | Constant       | ---            | Constant       |
|        ActiveModel   --> | None           | Transient      | Solid          | None           | None           | None           | ---            | None           |
|        ChargeModel   --> | DopantOnly     | DopantDefect   | DopantOnly     | DopantOnly     | DopantOnly     | None           | ---            | DopantOnly     |
|        ClusterModel  --> | ---            | ---            | ---            | ---            | ---            | ---            | ---            | ---            |
| Boron     :              |                |                |                |                |                |                |                |                |
|        DiffModel     --> | Constant       | ChargedPair    | Fermi          | Constant       | Constant       | Constant       | ---            | Constant       |
|        ActiveModel   --> | None           | Transient      | Solid          | None           | None           | None           | ---            | None           |
|        ChargeModel   --> | DopantOnly     | DopantDefect   | DopantOnly     | DopantOnly     | DopantOnly     | None           | ---            | DopantOnly     |
|        ClusterModel  --> | ---            | ---            | ---            | ---            | ---            | ---            | ---            | ---            |
| Int       :              |                |                |                |                |                |                |                |                |
|        DiffModel     --> | ---            | Numeric        | ---            | ---            | ---            | ---            | ---            | ---            |
|        ActiveModel   --> | ---            | ---            | ---            | ---            | ---            | ---            | ---            | ---            |
|        ChargeModel   --> | ---            | Defect         | None           | ---            | ---            | ---            | ---            | ---            |
|        ClusterModel  --> | ---            | 1Moment        | None           | ---            | ---            | ---            | ---            | ---            |
| Vac       :              |                |                |                |                |                |                |                |                |
|        DiffModel     --> | ---            | Numeric        | ---            | ---            | ---            | ---            | ---            | ---            |
|        ActiveModel   --> | ---            | ---            | ---            | ---            | ---            | ---            | ---            | ---            |
|        ChargeModel   --> | ---            | Defect         | None           | ---            | ---            | ---            | ---            | ---            |
|        ClusterModel  --> | ---            | None           | None           | ---            | ---            | ---            | ---            | ---            |
+--------------------------+----------------+----------------+----------------+----------------+----------------+----------------+----------------+----------------+

+--------------------+----------------+----------------+----------------+----------------+----------------+----------------+----------------+----------------+
|  Dopant and Defect | TiNitride      | Silicon        | PolySilicon    | Oxide          | Nitride        | NickelSilicide | Nickel         | HfO2           |
|  Clusters          +----------------+----------------+----------------+----------------+----------------+----------------+----------------+----------------+
+--------------------+----------------+----------------+----------------+----------------+----------------+----------------+----------------+----------------+
| As3       :        | Not Solved     | Solved         | Not Solved     | Not Solved     | Not Solved     | Not Solved     | Not Solved     | Not Solved     |
| B4        :        | Not Solved     | Solved         | Not Solved     | Not Solved     | Not Solved     | Not Solved     | Not Solved     | Not Solved     |
| ICluster  :        | Not Solved     | Solved         | Not Solved     | Not Solved     | Not Solved     | Not Solved     | Not Solved     | Not Solved     |
+--------------------+----------------+----------------+----------------+----------------+----------------+----------------+----------------+----------------+



+--------------------------+------------------------+------------------------+------------------------+------------------------+------------------------+------------------------+------------------------+------------------------+------------------------+------------------------+------------------------+------------------------+------------------------+------------------------+------------------------+
|  Solution Variables      | PolySilicon_TiNitride  | Oxide_TiNitride        | Oxide_Silicon          | Oxide_PolySilicon      | Nitride_Oxide          | Nickel_PolySilicon     | Nickel_Oxide           | Nickel_Nitride         | Nickel_NickelSilicide  | NickelSilicide_Silicon | NickelSilicide_Oxide   | HfO2_TiNitride         | HfO2_Silicon           | HfO2_Oxide             | Gas_Nickel             |
|  and Boundary Conditions +------------------------+------------------------+------------------------+------------------------+------------------------+------------------------+------------------------+------------------------+------------------------+------------------------+------------------------+------------------------+------------------------+------------------------+------------------------+
+--------------------------+------------------------+------------------------+------------------------+------------------------+------------------------+------------------------+------------------------+------------------------+------------------------+------------------------+------------------------+------------------------+------------------------+------------------------+------------------------+
| Arsenic   :              | HomNeumann             | Segregation            | ThreePhaseSegregation  | Segregation            | Segregation            | HomNeumann             | HomNeumann             | HomNeumann             | Segregation            | Segregation            | HomNeumann             | Segregation            | ThreePhaseSegregation  | Continuous             | HomNeumann             |
| Boron     :              | HomNeumann             | Segregation            | ThreePhaseSegregation  | Segregation            | Segregation            | HomNeumann             | HomNeumann             | HomNeumann             | Segregation            | Segregation            | HomNeumann             | Segregation            | ThreePhaseSegregation  | Continuous             | HomNeumann             |
| Int       :              | HomNeumann             | Natural                | Natural                | Natural                | Natural                | HomNeumann             | HomNeumann             | HomNeumann             | Natural                | Natural                | HomNeumann             | Natural                | Natural                | Continuous             | HomNeumann             |
| Potential :              | HomNeumann             | HomNeumann             | HomNeumann             | HomNeumann             | HomNeumann             | HomNeumann             | HomNeumann             | HomNeumann             | HomNeumann             | HomNeumann             | HomNeumann             | HomNeumann             | HomNeumann             | Continuous             | HomNeumann             |
| Vac       :              | HomNeumann             | Natural                | Natural                | Natural                | Natural                | HomNeumann             | HomNeumann             | HomNeumann             | Natural                | Natural                | HomNeumann             | Natural                | Natural                | Continuous             | HomNeumann             |
| B4        :              | HomNeumann             | HomNeumann             | HomNeumann             | HomNeumann             | HomNeumann             | HomNeumann             | HomNeumann             | HomNeumann             | HomNeumann             | HomNeumann             | HomNeumann             | HomNeumann             | HomNeumann             | Continuous             | HomNeumann             |
| As3       :              | HomNeumann             | HomNeumann             | HomNeumann             | HomNeumann             | HomNeumann             | HomNeumann             | HomNeumann             | HomNeumann             | HomNeumann             | HomNeumann             | HomNeumann             | HomNeumann             | HomNeumann             | Continuous             | HomNeumann             |
| ICluster  :              | HomNeumann             | HomNeumann             | HomNeumann             | HomNeumann             | HomNeumann             | HomNeumann             | HomNeumann             | HomNeumann             | HomNeumann             | HomNeumann             | HomNeumann             | HomNeumann             | HomNeumann             | Continuous             | HomNeumann             |
+--------------------------+------------------------+------------------------+------------------------+------------------------+------------------------+------------------------+------------------------+------------------------+------------------------+------------------------+------------------------+------------------------+------------------------+------------------------+------------------------+

------------------------------------------------- Minimum concentrations ------
 Setting minimum concentration of solution variables:
 Arsenic Boron B4 As3 ICluster
-------------------------------------------------------------------------------

---------------------------------------------------------- Initialialize ------
 Point defects: Int Vac
-------------------------------------------------------------------------------

---------------------------------------------------------- Initialialize ------
 Transient dopant clusters:
 Material: Silicon, Dopant : Boron, Cluster : B4
 Material: Silicon, Dopant : Arsenic, Cluster : As3

-------------------------------------------------------------------------------

---------------------------------------------------------- Initialialize ------
 1Moment clusters :
ICluster
-------------------------------------------------------------------------------

---------------------------------------------------------- Reset history ------
 <dopant>_Implant, Damage_Implant, Damage, Error, ErrorDose.
-------------------------------------------------------------------------------

--- --- --- --- --- --- --- --- --- --- --- --- --- --- --- --- --- --- --- --
Initializing:  Potential  Int  Vac  
--- --- --- --- --- --- --- --- --- --- --- --- --- --- --- --- --- --- --- --

Solving steady state equations
Iter Lin  Potential       Int       Vac 
  1    5  2.343e+00 5.150e+03 3.178e+02
  2    5  2.262e+00 2.673e+03 1.099e+02
  3    5  1.756e+00 1.351e+03 1.137e+02
  4    5  8.055e-01 1.331e+03 6.003e+01
  5    5  1.508e-01 1.580e+03 2.119e+01
     4.848e-02 5.070e+02 6.798e+00
     4.848e-03 5.070e+01 6.798e-01
     4.848e-04 5.070e+00 6.798e-02
     4.848e-05 5.070e-01 6.798e-03
     4.848e-06 5.070e-02 6.798e-04
     4.848e-07 5.070e-03 6.798e-05
     4.848e-08 5.070e-04 6.798e-06
     4.848e-09 5.070e-05 6.798e-07
     4.848e-10 5.070e-06 6.798e-08

--- --- --- --- --- --- --- --- --- --- --- --- --- --- --- --- --- --- --- --
Initialization is done.
--- --- --- --- --- --- --- --- --- --- --- --- --- --- --- --- --- --- --- --
Interpolating...elapsed time: 0.07
- - - - - - - - - - - - - - - - - - - - - - - - - - - - - - - - - - - - - - - 
Diffusion:         0s   to    0.0001s   step (s):    0.0001s   temp: 500.0C

Temperature = 500C for tr step 

Solving the TR Step
Iter Lin  Potential     Boron   Arsenic       Int       Vac  ICluster        B4       As3 
  1    4  1.523e-01 1.359e+07 1.173e+09 5.886e+03 1.491e+03 5.620e-02 5.310e+00 2.964e+04
  2    3  4.120e-03 3.868e+02 1.505e+01 6.832e+02 1.488e+03 1.666e-08 6.256e+00 1.404e-07
  3    3  1.143e-04 3.297e+02 1.087e+00 1.736e+02 1.179e+03 1.119e-08 1.813e+00 6.325e-09
  4    3  3.829e-06 1.637e+01 4.731e+00 4.321e+01 3.877e+01 2.878e-09 3.735e-01 2.012e-10
  5    3  2.062e-12 1.158e-01 1.933e-07 5.835e-03 2.685e-01 3.335e-12 1.173e-04 4.168e-13

Temperature = 500C for bdf step 

Solving the BDF Step
Iter Lin  Potential     Boron   Arsenic       Int       Vac  ICluster        B4       As3 
  1    4  5.134e-03 1.826e+03 1.048e+04 3.114e+03 2.439e+03 3.973e-02 3.040e+00 1.815e+02
  2    3  5.176e-06 5.091e+02 1.279e-02 4.667e-01 9.711e-03 3.381e-09 2.660e-01 4.370e-10
  3    3  2.063e-08 4.814e+01 1.923e-05 7.839e-03 2.672e-05 1.793e-12 7.287e-05 4.215e-13
  4    3  8.815e-11 3.586e-01 6.929e-08 8.117e-05 8.198e-08 5.893e-13 2.431e-08 3.819e-13

Total solve time: 1.15s

Solving the TR2 Step
Iter Lin  Potential     Boron   Arsenic       Int       Vac  ICluster        B4       As3 
  1    3  1.142e-07 3.178e+02 4.801e+01 1.309e+03 9.172e+02 4.301e-06 3.653e+00 4.536e-02
  2    3  3.307e-09 1.802e+02 3.686e-05 2.698e+01 1.614e+01 4.359e-09 2.381e-01 5.874e-13
  3    3  2.537e-11 6.082e+00 4.271e-07 1.878e-01 1.100e-01 2.775e-11 1.858e-03 5.289e-13
  4    3  3.915e-11 4.212e-02 7.631e-07 1.359e-03 7.410e-04 6.675e-13 1.282e-05 4.634e-13
- - - - - - - - - - - - - - - - - - - - - - - - - - - - - - - - - - - - - - - 
Reaction :    0.0001s   to 0.0001823s   step    : 8.233e-05s   temp: 500.0C

Solving the TR Step
Iter Lin  SiliconReact ORSoxygen 
  1    4     1.465e+04 3.356e+03

Solving the BDF Step
Iter Lin  SiliconReact ORSoxygen 
  1    4     6.504e+03 1.028e+03

Total solve time: 0.1s
- - - - - - - - - - - - - - - - - - - - - - - - - - - - - - - - - - - - - - - 
Mechanics:    0.0001s   to 0.0001823s   step    : 8.233e-05s   temp: 500.0C
  lin norm 6.0948e-12  vel err 2.4687e-03
Interpolating...elapsed time: 0.07
- - - - - - - - - - - - - - - - - - - - - - - - - - - - - - - - - - - - - - - 
Diffusion:    0.0001s   to 0.0001823s   step (s): 8.233e-05s   temp: 500.0C

Solving the TR Step
Iter Lin  Potential     Boron   Arsenic       Int       Vac  ICluster        B4       As3 
  1    4  4.047e-02 1.554e+05 1.225e+04 1.203e+03 8.413e+02 1.987e-03 2.026e+00 1.565e+02
  2    4  4.182e-05 3.788e-06 1.337e-02 1.086e+00 8.121e+02 2.132e-09 8.722e-02 1.334e-10
  3    4  1.634e-07 2.912e-08 8.429e-06 1.039e-01 6.032e+02 1.436e-12 2.978e-05 1.539e-12
  4    4  1.272e-08 5.965e-07 2.139e-06 6.053e-02 1.645e+01 7.222e-13 1.994e-07 4.784e-13
  5    4  3.840e-16 9.014e-13 8.132e-11 2.390e-08 1.132e-01 7.058e-13 1.540e-12 4.685e-13

Solving the BDF Step
Iter Lin  Potential     Boron   Arsenic       Int       Vac  ICluster        B4       As3 
  1    4  1.864e-03 6.339e+02 8.700e+03 3.601e+02 1.352e+03 1.445e-03 1.161e+00 6.833e+01
  2    4  1.433e-06 9.741e-07 3.481e-03 8.375e-02 5.023e-03 1.297e-10 7.195e-03 5.266e-11

Total solve time: 0.97s

Solving the TR2 Step
Iter Lin  Potential     Boron   Arsenic       Int       Vac  ICluster        B4       As3 
  1    3  7.886e-08 1.205e+02 1.641e+01 2.280e+02 5.146e+02 1.426e-06 8.792e-02 4.831e-02
  2    4  1.005e-10 1.822e-07 1.083e-06 4.026e-03 8.932e+00 1.318e-10 6.776e-03 5.242e-13
  3    4  3.834e-16 9.497e-13 6.298e-11 3.435e-05 6.085e-02 7.394e-13 1.511e-10 4.323e-13
- - - - - - - - - - - - - - - - - - - - - - - - - - - - - - - - - - - - - - - 
Reaction : 0.0001823s   to 0.0002776s   step    : 9.529e-05s   temp: 500.0C

Solving the TR Step
Iter Lin  SiliconReact ORSoxygen 
  1    4     1.075e+04 3.744e+03
  2    4     3.109e+00 2.591e-09
  3    4     2.127e-02 2.569e-13

Solving the BDF Step
Iter Lin  SiliconReact ORSoxygen 
  1    4     4.990e+03 9.123e+02

Total solve time: 0.1s
- - - - - - - - - - - - - - - - - - - - - - - - - - - - - - - - - - - - - - - 
Mechanics: 0.0001823s   to 0.0002776s   step    : 9.529e-05s   temp: 500.0C
  lin norm 1.0010e-12  vel err 3.3325e-03
Interpolating...elapsed time: 0.06
- - - - - - - - - - - - - - - - - - - - - - - - - - - - - - - - - - - - - - - 
Diffusion: 0.0001823s   to 0.0002776s   step (s): 9.529e-05s   temp: 500.0C

Solving the TR Step
Iter Lin  Potential     Boron   Arsenic       Int       Vac  ICluster        B4       As3 
  1    4  1.438e-02 8.289e+02 1.434e+04 4.763e+02 5.036e+02 9.184e-03 1.535e+00 5.542e+01
  2    4  3.901e-06 2.139e-06 7.892e-03 1.237e-01 4.617e+02 1.416e-10 1.388e-02 5.339e-11
  3    4  7.843e-09 3.847e-09 7.201e-06 3.356e-03 2.201e+02 7.229e-13 1.987e-06 5.031e-13
  4    4  1.275e-09 4.164e-07 8.053e-07 3.040e-02 6.021e+00 6.370e-13 2.279e-08 3.939e-13
  5    4  4.637e-16 8.345e-13 8.201e-11 2.199e-08 4.142e-02 6.382e-13 3.531e-13 3.854e-13

Solving the BDF Step
Iter Lin  Potential     Boron   Arsenic       Int       Vac  ICluster        B4       As3 
  1    4  1.741e-03 5.833e+02 1.010e+04 2.594e+02 8.247e+02 6.494e-03 9.118e-01 3.153e+01
  2    4  1.244e-06 7.608e-07 3.082e-03 1.658e-02 6.999e-04 4.315e-11 4.580e-03 4.011e-11

Total solve time: 0.82s

Solving the TR2 Step
Iter Lin  Potential     Boron   Arsenic       Int       Vac  ICluster        B4       As3 
  1    4  2.659e-08 1.374e+02 1.283e+01 5.556e+01 3.115e+02 3.381e-08 2.105e-02 2.500e-02
  2    4  4.297e-12 8.277e-09 3.807e-07 2.961e-03 5.454e+00 6.348e-12 3.052e-04 5.184e-13
  3    4  3.756e-16 1.001e-12 6.150e-11 3.177e-05 3.716e-02 7.435e-13 5.127e-12 4.669e-13
- - - - - - - - - - - - - - - - - - - - - - - - - - - - - - - - - - - - - - - 
Reaction : 0.0002776s   to 0.0004085s   step    : 0.0001309s   temp: 500.0C

Solving the TR Step
Iter Lin  SiliconReact ORSoxygen 
  1    4     1.043e+04 2.842e+05

Solving the BDF Step
Iter Lin  SiliconReact ORSoxygen 
  1    4     5.073e+03 9.371e+02

Total solve time: 0.06s
- - - - - - - - - - - - - - - - - - - - - - - - - - - - - - - - - - - - - - - 
Mechanics: 0.0002776s   to 0.0004085s   step    : 0.0001309s   temp: 500.0C
  lin norm 4.0267e-13  vel err 1.7813e-03
Interpolating...elapsed time: 0.07
- - - - - - - - - - - - - - - - - - - - - - - - - - - - - - - - - - - - - - - 
Diffusion: 0.0002776s   to 0.0004085s   step (s): 0.0001309s   temp: 500.0C

Solving the TR Step
Iter Lin  Potential     Boron   Arsenic       Int       Vac  ICluster        B4       As3 
  1    4  2.950e-03 8.396e+02 1.961e+04 4.042e+02 4.283e+01 4.328e-03 1.447e+00 3.191e+01
  2    4  3.434e-06 2.668e-06 1.140e-02 3.542e-02 2.396e-03 1.319e-10 1.430e-02 1.148e-10

Solving the BDF Step
Iter Lin  Potential     Boron   Arsenic       Int       Vac  ICluster        B4       As3 
  1    4  2.103e-03 6.027e+02 1.367e+04 2.444e+02 2.384e+01 3.061e-03 8.516e-01 1.964e+01
  2    4  1.723e-06 7.570e-07 3.710e-03 1.572e-02 1.242e-03 3.546e-11 4.018e-03 5.763e-11

Total solve time: 0.7s

Solving the TR2 Step
Iter Lin  Potential     Boron   Arsenic       Int       Vac  ICluster        B4       As3 
  1    3  4.044e-08 2.385e+02 1.843e+01 1.712e+01 1.752e+01 2.237e-07 2.368e-02 9.427e-03
  2    4  7.119e-13 1.248e-09 1.845e-06 9.327e-07 1.289e-10 1.263e-12 3.589e-05 5.431e-13
- - - - - - - - - - - - - - - - - - - - - - - - - - - - - - - - - - - - - - - 
Reaction : 0.0004085s   to 0.0006179s   step    : 0.0002094s   temp: 500.0C

Solving the TR Step
Iter Lin  SiliconReact ORSoxygen 
  1    4     1.283e+04 1.582e+03

Solving the BDF Step
Iter Lin  SiliconReact ORSoxygen 
  1    4     5.767e+03 7.689e+02

Total solve time: 0.06s
- - - - - - - - - - - - - - - - - - - - - - - - - - - - - - - - - - - - - - - 
Mechanics: 0.0004085s   to 0.0006179s   step    : 0.0002094s   temp: 500.0C
  lin norm 1.6249e-12  vel err 1.8997e-03
Interpolating...elapsed time: 0.06
- - - - - - - - - - - - - - - - - - - - - - - - - - - - - - - - - - - - - - - 
Diffusion: 0.0004085s   to 0.0006179s   step (s): 0.0002094s   temp: 500.0C

Solving the TR Step
Iter Lin  Potential     Boron   Arsenic       Int       Vac  ICluster        B4       As3 
  1    4  3.983e-03 9.373e+02 3.064e+04 4.565e+02 4.375e+01 8.220e-03 1.538e+00 2.349e+01
  2    4  6.331e-06 3.728e-06 1.370e-02 3.787e-02 4.643e-03 1.863e-10 1.842e-02 1.688e-10

Solving the BDF Step
Iter Lin  Potential     Boron   Arsenic       Int       Vac  ICluster        B4       As3 
  1    4  2.847e-03 5.057e+02 2.100e+04 2.909e+02 2.877e+01 5.813e-03 8.828e-01 1.502e+01
  2    4  3.177e-06 2.247e-06 2.787e-03 1.265e-02 2.382e-03 6.970e-11 5.252e-03 8.466e-11

Total solve time: 0.69s

Solving the TR2 Step
Iter Lin  Potential     Boron   Arsenic       Int       Vac  ICluster        B4       As3 
  1    3  7.314e-08 2.201e+02 3.175e+01 1.472e+01 1.211e+01 1.154e-07 3.007e-02 1.909e-03
  2    4  8.401e-13 2.431e-09 7.190e-06 1.453e-06 1.213e-10 8.262e-13 1.528e-05 5.170e-13
- - - - - - - - - - - - - - - - - - - - - - - - - - - - - - - - - - - - - - - 
Reaction : 0.0006179s   to   0.00096s   step    : 0.0003421s   temp: 500.0C

Solving the TR Step
Iter Lin  SiliconReact ORSoxygen 
  1    4     1.470e+04 1.588e+03

Solving the BDF Step
Iter Lin  SiliconReact ORSoxygen 
  1    4     6.272e+03 8.168e+02

Total solve time: 0.06s
- - - - - - - - - - - - - - - - - - - - - - - - - - - - - - - - - - - - - - - 
Mechanics: 0.0006179s   to   0.00096s   step    : 0.0003421s   temp: 500.0C
  lin norm 1.8989e-12  vel err 1.0921e-03
Interpolating...elapsed time: 0.06
- - - - - - - - - - - - - - - - - - - - - - - - - - - - - - - - - - - - - - - 
Diffusion: 0.0006179s   to   0.00096s   step (s): 0.0003421s   temp: 500.0C

Solving the TR Step
Iter Lin  Potential     Boron   Arsenic       Int       Vac  ICluster        B4       As3 
  1    4  5.474e-03 7.643e+02 4.731e+04 6.019e+02 5.977e+01 1.396e-02 1.569e+00 2.211e+01
  2    4  1.147e-05 2.589e-05 5.224e-02 4.176e-02 1.078e-02 4.739e-10 2.411e-02 3.863e-10

Solving the BDF Step
Iter Lin  Potential     Boron   Arsenic       Int       Vac  ICluster        B4       As3 
  1    4  3.928e-03 5.346e+02 3.156e+04 4.067e+02 4.178e+01 9.873e-03 8.692e-01 1.430e+01
  2    4  5.759e-06 1.357e-05 3.740e-02 1.832e-02 5.553e-03 1.905e-10 6.771e-03 1.941e-10

Total solve time: 0.69s

Solving the TR2 Step
Iter Lin  Potential     Boron   Arsenic       Int       Vac  ICluster        B4       As3 
  1    3  7.715e-08 4.377e+02 3.036e+01 1.447e+01 7.273e+00 2.034e-07 3.700e-02 2.729e-03
  2    3  1.987e-12 1.391e+02 1.853e-05 2.218e-06 1.153e-09 9.262e-13 2.332e-05 5.361e-13
  3    3  3.741e-16 1.655e+00 1.292e-10 8.595e-12 1.120e-12 7.530e-13 7.058e-13 4.492e-13
- - - - - - - - - - - - - - - - - - - - - - - - - - - - - - - - - - - - - - - 
Reaction :   0.00096s   to  0.001441s   step    : 0.0004812s   temp: 500.0C

Solving the TR Step
Iter Lin  SiliconReact ORSoxygen 
  1    4     1.211e+04 1.460e+03

Solving the BDF Step
Iter Lin  SiliconReact ORSoxygen 
  1    4     5.280e+03 7.854e+02

Total solve time: 0.06s
- - - - - - - - - - - - - - - - - - - - - - - - - - - - - - - - - - - - - - - 
Mechanics:   0.00096s   to  0.001441s   step    : 0.0004812s   temp: 500.0C
  lin norm 4.2780e-13  vel err 1.1253e-03
Interpolating...elapsed time: 0.06
- - - - - - - - - - - - - - - - - - - - - - - - - - - - - - - - - - - - - - - 
Diffusion:   0.00096s   to  0.001441s   step (s): 0.0004812s   temp: 500.0C

Solving the TR Step
Iter Lin  Potential     Boron   Arsenic       Int       Vac  ICluster        B4       As3 
  1    4  1.678e-02 9.974e+02 5.990e+04 7.366e+02 5.050e+02 1.567e-02 1.293e+00 2.001e+01
  2    4  1.585e-05 6.895e-05 2.198e-01 8.833e-02 4.944e+02 8.451e-10 2.109e-02 2.709e-09
  3    4  1.021e-07 3.151e-08 8.138e-04 8.983e-04 2.220e+02 7.308e-13 2.046e-06 3.949e-11
  4    4  1.340e-09 1.258e-06 1.717e-04 5.477e-02 2.857e+00 6.028e-13 1.473e-07 2.172e-12

Solving the BDF Step
Iter Lin  Potential     Boron   Arsenic       Int       Vac  ICluster        B4       As3 
  1    4  4.710e-03 3.607e+02 3.912e+04 4.880e+02 8.143e+02 1.108e-02 7.047e-01 1.345e+01
  2    4  7.717e-06 2.791e-05 1.031e-01 3.308e-02 1.016e-02 3.294e-10 6.302e-03 3.515e-10

Total solve time: 0.78s

Solving the TR2 Step
Iter Lin  Potential     Boron   Arsenic       Int       Vac  ICluster        B4       As3 
  1    3  5.543e-08 8.881e+01 1.530e+01 9.934e+00 3.083e+02 4.274e-07 3.198e-02 3.336e-03
  2    4  5.075e-12 5.562e-09 1.893e-05 8.234e-04 5.379e+00 1.018e-12 1.010e-05 5.073e-13
  3    4  3.890e-16 8.705e-13 9.481e-11 9.511e-06 3.663e-02 6.026e-13 4.485e-12 3.954e-13
- - - - - - - - - - - - - - - - - - - - - - - - - - - - - - - - - - - - - - - 
Reaction :  0.001441s   to  0.002116s   step    : 0.0006749s   temp: 500.0C

Solving the TR Step
Iter Lin  SiliconReact ORSoxygen 
  1    4     9.725e+03 1.443e+03

Solving the BDF Step
Iter Lin  SiliconReact ORSoxygen 
  1    4     4.302e+03 8.127e+02

Total solve time: 0.09s
- - - - - - - - - - - - - - - - - - - - - - - - - - - - - - - - - - - - - - - 
Mechanics:  0.001441s   to  0.002116s   step    : 0.0006749s   temp: 500.0C
  lin norm 6.6464e-13  vel err 3.6406e-04
Interpolating...elapsed time: 0.07
- - - - - - - - - - - - - - - - - - - - - - - - - - - - - - - - - - - - - - - 
Diffusion:  0.001441s   to  0.002116s   step (s): 0.0006749s   temp: 500.0C

Solving the TR Step
Iter Lin  Potential     Boron   Arsenic       Int       Vac  ICluster        B4       As3 
  1    4  7.930e-03 5.950e+02 7.295e+04 8.349e+02 1.027e+02 4.099e-03 1.020e+00 2.141e+01
  2    3  2.083e-05 2.707e+02 4.708e-01 1.155e-01 3.726e-02 1.373e-09 1.956e-02 1.366e-09
  3    3  1.592e-07 1.164e+01 2.444e-03 4.869e-04 9.146e-05 7.865e-13 1.862e-06 1.062e-12
  4    3  1.316e-09 8.139e-02 1.166e-05 8.094e-06 2.585e-07 7.346e-13 1.655e-09 4.443e-13

Solving the BDF Step
Iter Lin  Potential     Boron   Arsenic       Int       Vac  ICluster        B4       As3 
  1    4  5.716e-03 3.362e+02 4.683e+04 5.270e+02 7.214e+01 2.906e-03 5.470e-01 1.440e+01
  2    3  1.043e-05 4.355e-05 1.868e-01 4.841e-02 1.952e-02 5.010e-10 5.497e-03 6.851e-10

Total solve time: 0.76s

Solving the TR2 Step
Iter Lin  Potential     Boron   Arsenic       Int       Vac  ICluster        B4       As3 
  1    3  2.282e-07 1.490e+02 7.466e+01 1.579e+01 4.784e+00 9.441e-07 2.961e-02 7.078e-03
  2    3  2.423e-11 9.621e-08 1.050e-04 3.705e-05 1.598e-08 1.432e-12 1.024e-05 5.458e-13
- - - - - - - - - - - - - - - - - - - - - - - - - - - - - - - - - - - - - - - 
Reaction :  0.002116s   to  0.003307s   step    :  0.001191s   temp: 500.0C

Solving the TR Step
Iter Lin  SiliconReact ORSoxygen 
  1    4     1.019e+04 1.996e+03

Solving the BDF Step
Iter Lin  SiliconReact ORSoxygen 
  1    4     4.084e+03 1.060e+03

Total solve time: 0.06s
- - - - - - - - - - - - - - - - - - - - - - - - - - - - - - - - - - - - - - - 
Mechanics:  0.002116s   to  0.003307s   step    :  0.001191s   temp: 500.0C
  lin norm 1.8389e-12  vel err 1.2593e-04
Interpolating...elapsed time: 0.07
- - - - - - - - - - - - - - - - - - - - - - - - - - - - - - - - - - - - - - - 
Diffusion:  0.002116s   to  0.003307s   step (s):  0.001191s   temp: 500.0C

Solving the TR Step
Iter Lin  Potential     Boron   Arsenic       Int       Vac  ICluster        B4       As3 
  1    4  1.184e-02 2.085e+04 1.084e+05 1.012e+03 1.588e+02 2.426e-03 9.409e-01 2.757e+01
  2    4  4.183e-05 3.339e-04 1.344e+00 2.418e-01 1.247e-01 3.656e-09 2.837e-02 4.839e-09

Solving the BDF Step
Iter Lin  Potential     Boron   Arsenic       Int       Vac  ICluster        B4       As3 
  1    4  8.572e-03 3.623e+02 6.708e+04 5.723e+02 1.099e+02 1.765e-03 4.836e-01 1.847e+01
  2    4  2.087e-05 9.921e-05 4.631e-01 8.215e-02 6.990e-02 1.156e-09 6.115e-03 2.189e-09

Total solve time: 0.7s

Solving the TR2 Step
Iter Lin  Potential     Boron   Arsenic       Int       Vac  ICluster        B4       As3 
  1    3  7.128e-07 1.899e+02 1.924e+02 4.268e+01 7.380e+00 1.398e-05 4.112e-02 1.027e-01
  2    3  6.129e-11 3.769e-07 3.005e-04 9.487e-05 7.315e-07 7.884e-12 4.660e-05 5.392e-13
- - - - - - - - - - - - - - - - - - - - - - - - - - - - - - - - - - - - - - - 
Reaction :  0.003307s   to   0.00529s   step    :  0.001983s   temp: 500.0C

Solving the TR Step
Iter Lin  SiliconReact ORSoxygen 
  1    4     8.161e+03 2.390e+03

Solving the BDF Step
Iter Lin  SiliconReact ORSoxygen 
  1    4     3.221e+03 1.180e+03

Total solve time: 0.06s
- - - - - - - - - - - - - - - - - - - - - - - - - - - - - - - - - - - - - - - 
Mechanics:  0.003307s   to   0.00529s   step    :  0.001983s   temp: 500.0C
  lin norm 4.9270e-13  vel err 2.5760e-04
Interpolating...elapsed time: 0.07
- - - - - - - - - - - - - - - - - - - - - - - - - - - - - - - - - - - - - - - 
Diffusion:  0.003307s   to   0.00529s   step (s):  0.001983s   temp: 500.0C

Solving the TR Step
Iter Lin  Potential     Boron   Arsenic       Int       Vac  ICluster        B4       As3 
  1    4  2.463e-02 6.250e+02 1.440e+05 8.850e+02 4.595e+02 3.722e-03 7.761e-01 2.885e+01
  2    3  6.950e-05 2.236e+02 2.582e+00 2.939e-01 4.018e+02 6.618e-09 1.981e-02 2.393e-08
  3    3  9.539e-07 4.957e+00 2.345e-02 3.331e-03 1.876e+02 8.015e-13 3.892e-06 5.755e-11
  4    3  1.680e-08 3.393e-02 2.315e-04 2.309e-02 4.583e+00 6.273e-13 2.296e-07 1.808e-11
  5    3  3.802e-13 2.286e-04 6.153e-08 3.278e-04 2.120e-02 6.275e-13 4.523e-12 3.732e-13

Solving the BDF Step
Iter Lin  Potential     Boron   Arsenic       Int       Vac  ICluster        B4       As3 
  1    4  1.194e-02 1.242e+04 8.661e+04 4.383e+02 6.808e+02 2.711e-03 4.151e-01 1.948e+01
  2    4  3.428e-05 1.438e-04 9.223e-01 8.379e-02 3.731e-01 2.312e-09 3.563e-03 4.566e-09

Total solve time: 0.84s

Solving the TR2 Step
Iter Lin  Potential     Boron   Arsenic       Int       Vac  ICluster        B4       As3 
  1    3  9.401e-07 3.149e+02 1.974e+02 5.504e+01 2.529e+02 7.585e-06 3.102e-02 5.496e-02
  2    3  2.438e-10 6.594e+01 1.074e-03 4.448e-03 4.407e+00 2.671e-11 6.600e-05 1.369e-12
  3    3  1.382e-13 5.591e-01 1.251e-07 1.437e-03 3.002e-02 6.255e-13 6.320e-10 3.723e-13
- - - - - - - - - - - - - - - - - - - - - - - - - - - - - - - - - - - - - - - 
Reaction :   0.00529s   to  0.008015s   step    :  0.002725s   temp: 500.0C

Solving the TR Step
Iter Lin  SiliconReact ORSoxygen 
  1    4     4.863e+03 2.082e+03
  2    4     9.541e+02 1.642e-11
  3    4     7.605e+02 3.344e-13
  4    4     2.444e+01 3.462e-13
  5    4     1.690e-01 3.472e-13

Solving the BDF Step
Iter Lin  SiliconReact ORSoxygen 
  1    4     9.812e+06 1.072e+03

Total solve time: 0.09s
- - - - - - - - - - - - - - - - - - - - - - - - - - - - - - - - - - - - - - - 
Mechanics:   0.00529s   to  0.008015s   step    :  0.002725s   temp: 500.0C
  lin norm 1.9987e-13  vel err 4.7465e-05
Interpolating...elapsed time: 0.06
- - - - - - - - - - - - - - - - - - - - - - - - - - - - - - - - - - - - - - - 
Diffusion:   0.00529s   to  0.008015s   step (s):  0.002725s   temp: 500.0C

Solving the TR Step
Iter Lin  Potential     Boron   Arsenic       Int       Vac  ICluster        B4       As3 
  1    4  2.613e-02 1.070e+03 1.514e+05 5.233e+02 5.452e+02 2.409e-03 6.092e-01 2.676e+01
  2    4  7.937e-05 4.072e-04 3.358e+00 1.746e-01 4.887e+02 9.735e-09 6.136e-03 3.305e-08
  3    4  1.190e-06 5.490e-07 1.338e-02 2.633e-03 1.793e+02 8.571e-13 1.644e-06 5.370e-11
  4    4  2.059e-08 2.695e-06 1.907e-04 6.920e-03 2.179e+00 7.173e-13 9.633e-08 1.600e-11

Solving the BDF Step
Iter Lin  Potential     Boron   Arsenic       Int       Vac  ICluster        B4       As3 
  1    4  1.236e-02 3.476e+02 9.089e+04 2.716e+02 8.291e+02 2.375e-03 3.572e-01 1.898e+01
  2    4  3.277e-05 1.241e-04 1.369e+00 5.496e-02 2.695e+00 3.990e-09 1.357e-03 1.224e-08
  3    4  3.500e-07 1.246e-07 2.180e-03 3.839e-04 6.239e-02 7.951e-13 2.400e-07 1.131e-11

Total solve time: 0.84s

Solving the TR2 Step
Iter Lin  Potential     Boron   Arsenic       Int       Vac  ICluster        B4       As3 
  1    3  2.131e-05 3.235e+02 8.348e+01 2.212e+01 3.089e+02 3.913e-04 1.233e-02 1.444e+00
  2    3  2.194e-10 1.955e+02 3.374e-04 3.593e-03 5.384e+00 2.156e-11 1.252e-05 5.827e-13
  3    3  3.294e-13 3.363e+00 1.330e-07 1.265e-03 3.667e-02 7.298e-13 3.794e-10 4.813e-13
  4    3  3.725e-16 2.290e-02 7.569e-11 5.171e-04 2.471e-04 6.511e-13 2.256e-13 4.331e-13
- - - - - - - - - - - - - - - - - - - - - - - - - - - - - - - - - - - - - - - 
Reaction :  0.008015s   to   0.01169s   step    :  0.003673s   temp: 500.0C

Solving the TR Step
Iter Lin  SiliconReact ORSoxygen 
  1    4     3.098e+03 1.895e+03
  2    4     9.596e+02 2.097e-12
  3    4     8.765e+02 3.558e-13
  4    4     6.327e+01 3.536e-13
  5    4     4.562e-01 3.561e-13

Solving the BDF Step
Iter Lin  SiliconReact ORSoxygen 
  1    4     1.797e+07 1.049e+03

Total solve time: 0.09s
- - - - - - - - - - - - - - - - - - - - - - - - - - - - - - - - - - - - - - - 
Mechanics:  0.008015s   to   0.01169s   step    :  0.003673s   temp: 500.0C
  lin norm 5.3302e-11  vel err 2.5900e-05
Interpolating...elapsed time: 0.07
- - - - - - - - - - - - - - - - - - - - - - - - - - - - - - - - - - - - - - - 
Diffusion:  0.008015s   to   0.01169s   step (s):  0.003673s   temp: 500.0C

Solving the TR Step
Iter Lin  Potential     Boron   Arsenic       Int       Vac  ICluster        B4       As3 
  1    3  2.846e-02 4.069e+02 1.557e+05 3.615e+02 4.503e+02 3.894e-03 5.663e-01 2.780e+01
  2    4  7.310e-05 4.181e-04 5.183e+00 1.412e-01 4.045e+02 1.690e-08 2.862e-03 3.836e-08
  3    4  1.320e-06 8.290e-07 7.421e-03 3.131e-03 1.790e+02 9.485e-13 9.748e-07 5.409e-11
  4    4  4.487e-08 7.903e-07 4.663e-04 8.265e-03 4.032e+00 6.639e-13 3.927e-07 4.283e-13
  5    4  4.527e-15 9.414e-13 1.748e-10 6.665e-04 1.464e-02 5.909e-13 7.943e-13 3.751e-13

Solving the BDF Step
Iter Lin  Potential     Boron   Arsenic       Int       Vac  ICluster        B4       As3 
  1    3  1.074e-02 2.315e+02 9.308e+04 2.008e+02 6.916e+02 1.951e-03 3.485e-01 1.716e+01
  2    4  4.158e-05 1.509e-04 2.169e+00 5.082e-02 3.077e-01 7.256e-09 7.472e-04 1.902e-08

Total solve time: 0.83s

Solving the TR2 Step
Iter Lin  Potential     Boron   Arsenic       Int       Vac  ICluster        B4       As3 
  1    3  3.345e-05 5.845e+01 5.216e+01 9.957e+00 2.543e+02 2.831e-04 6.843e-03 1.228e+00
  2    4  5.075e-10 9.569e-07 6.958e-04 6.523e-03 4.494e+00 1.734e-11 3.117e-06 5.526e-13
  3    4  2.187e-14 5.201e-11 5.176e-08 2.278e-03 3.062e-02 6.889e-13 1.955e-10 4.477e-13
- - - - - - - - - - - - - - - - - - - - - - - - - - - - - - - - - - - - - - - 
Reaction :   0.01169s   to   0.01706s   step    :  0.005374s   temp: 500.0C

Solving the TR Step
Iter Lin  SiliconReact ORSoxygen 
  1    4     2.107e+03 2.134e+03

Solving the BDF Step
Iter Lin  SiliconReact ORSoxygen 
  1    4     9.137e+02 1.203e+03

Total solve time: 0.06s
- - - - - - - - - - - - - - - - - - - - - - - - - - - - - - - - - - - - - - - 
Mechanics:   0.01169s   to   0.01706s   step    :  0.005374s   temp: 500.0C
  lin norm 1.4572e-12  vel err 1.9856e-05
Interpolating...elapsed time: 0.06
- - - - - - - - - - - - - - - - - - - - - - - - - - - - - - - - - - - - - - - 
Diffusion:   0.01169s   to   0.01706s   step (s):  0.005374s   temp: 500.0C

Solving the TR Step
Iter Lin  Potential     Boron   Arsenic       Int       Vac  ICluster        B4       As3 
  1    3  1.900e-02 6.086e+02 1.722e+05 3.114e+02 2.467e+02 1.657e-02 6.232e-01 7.395e+01
  2    4  1.186e-04 6.863e-04 1.055e+01 1.645e-01 2.474e+00 3.944e-08 2.324e-03 6.924e-08
  3    3  2.475e-06 3.196e-06 1.184e-02 3.852e-03 3.938e-02 1.861e-12 1.407e-06 1.162e-10

Solving the BDF Step
Iter Lin  Potential     Boron   Arsenic       Int       Vac  ICluster        B4       As3 
  1    3  1.468e-02 2.927e+02 1.011e+05 1.773e+02 1.757e+02 1.675e-02 3.903e-01 9.064e+01
  2    4  6.009e-05 2.658e-04 4.354e+00 7.509e-02 2.234e+00 1.691e-08 6.389e-04 3.646e-08
  3    3  9.144e-07 3.041e-06 3.967e-03 6.446e-03 5.837e-02 1.009e-12 8.622e-07 4.347e-11

Total solve time: 0.69s

Solving the TR2 Step
Iter Lin  Potential     Boron   Arsenic       Int       Vac  ICluster        B4       As3 
  1    3  1.692e-05 3.327e+02 5.825e+01 7.553e+00 1.134e+01 1.319e-03 5.924e-03 1.006e+01
  2    3  1.498e-10 1.019e-06 6.448e-04 2.370e-04 4.445e-03 2.040e-11 2.138e-06 1.991e-12
- - - - - - - - - - - - - - - - - - - - - - - - - - - - - - - - - - - - - - - 
Reaction :   0.01706s   to    0.0251s   step    :  0.008042s   temp: 500.0C

Solving the TR Step
Iter Lin  SiliconReact ORSoxygen 
  1    4     1.597e+03 2.525e+03

Solving the BDF Step
Iter Lin  SiliconReact ORSoxygen 
  1    4     6.125e+02 1.357e+03

Total solve time: 0.06s
- - - - - - - - - - - - - - - - - - - - - - - - - - - - - - - - - - - - - - - 
Mechanics:   0.01706s   to    0.0251s   step    :  0.008042s   temp: 500.0C
  lin norm 7.7660e-12  vel err 1.5992e-05
Interpolating...elapsed time: 0.07
- - - - - - - - - - - - - - - - - - - - - - - - - - - - - - - - - - - - - - - 
Diffusion:   0.01706s   to    0.0251s   step (s):  0.008042s   temp: 500.0C

Solving the TR Step
Iter Lin  Potential     Boron   Arsenic       Int       Vac  ICluster        B4       As3 
  1    3  4.334e-02 4.496e+02 1.889e+05 2.913e+02 5.058e+02 6.131e-03 7.251e-01 3.722e+01
  2    4  9.718e-04 1.246e-03 2.222e+01 2.238e-01 2.853e+02 9.684e-08 2.301e-03 1.450e-07
  3    3  1.525e-05 9.267e-06 4.777e-02 5.807e-03 9.480e+01 4.415e-12 3.053e-06 2.990e-10
  4    4  7.010e-07 9.630e-06 4.776e-03 1.214e-02 4.271e+00 1.961e-12 2.609e-06 1.345e-12
  5    4  1.150e-12 4.356e-12 1.566e-09 1.691e-05 6.409e-03 6.909e-13 2.417e-11 4.158e-13

Solving the BDF Step
Iter Lin  Potential     Boron   Arsenic       Int       Vac  ICluster        B4       As3 
  1    3  1.685e-02 2.639e+02 1.087e+05 1.703e+02 7.168e+02 9.969e-03 4.576e-01 5.489e+01
  2    4  7.579e-05 4.936e-04 8.989e+00 8.603e-02 1.329e+01 4.198e-08 6.720e-04 7.718e-08
  3    3  1.572e-06 4.488e-06 1.441e-02 4.050e-03 7.892e-01 1.353e-12 1.142e-06 1.123e-10

Total solve time: 0.87s

Solving the TR2 Step
Iter Lin  Potential     Boron   Arsenic       Int       Vac  ICluster        B4       As3 
  1    3  7.600e-05 1.002e+01 7.944e+01 5.927e+00 2.539e+02 1.102e-03 5.950e-03 6.807e+00
  2    4  2.934e-09 1.164e-06 5.272e-04 2.954e-03 4.447e+00 3.503e-11 1.632e-06 3.027e-12
  3    4  3.956e-13 1.037e-08 5.173e-06 4.061e-04 3.030e-02 6.072e-13 1.960e-09 3.514e-13
- - - - - - - - - - - - - - - - - - - - - - - - - - - - - - - - - - - - - - - 
Reaction :    0.0251s   to   0.03705s   step    :   0.01195s   temp: 500.0C

Solving the TR Step
Iter Lin  SiliconReact ORSoxygen 
  1    4     1.444e+03 2.782e+03

Solving the BDF Step
Iter Lin  SiliconReact ORSoxygen 
  1    4     4.690e+02 1.468e+03

Total solve time: 0.06s
- - - - - - - - - - - - - - - - - - - - - - - - - - - - - - - - - - - - - - - 
Mechanics:    0.0251s   to   0.03705s   step    :   0.01195s   temp: 500.0C
  lin norm 4.4493e-12  vel err 1.3424e-05
Interpolating...elapsed time: 0.06
- - - - - - - - - - - - - - - - - - - - - - - - - - - - - - - - - - - - - - - 
Diffusion:    0.0251s   to   0.03705s   step (s):   0.01195s   temp: 500.0C

Solving the TR Step
Iter Lin  Potential     Boron   Arsenic       Int       Vac  ICluster        B4       As3 
  1    3  4.990e-02 5.848e+02 1.988e+05 2.860e+02 6.619e+02 8.015e-03 8.501e-01 3.759e+01
  2    3  2.478e-03 2.207e+02 4.390e+01 3.094e-01 4.925e+02 2.488e-07 2.502e-03 3.576e-07
  3    3  4.937e-06 4.917e+01 1.483e-01 7.146e-03 1.566e+02 9.831e-12 3.105e-06 9.197e-10
  4    3  4.563e-07 4.226e-01 1.814e-02 3.794e-02 1.803e+01 1.535e-11 7.432e-06 3.169e-12
  5    3  5.854e-12 2.853e-03 1.532e-05 3.405e-04 1.110e-02 7.762e-13 7.417e-10 4.402e-13

Solving the BDF Step
Iter Lin  Potential     Boron   Arsenic       Int       Vac  ICluster        B4       As3 
  1    3  1.349e-02 2.983e+02 1.125e+05 1.706e+02 9.770e+02 7.835e-03 5.379e-01 3.810e+01
  2    3  1.219e-04 1.100e-03 1.741e+01 1.378e-01 2.199e+00 1.161e-07 7.655e-04 1.735e-07
  3    3  3.033e-06 2.200e-06 4.231e-02 1.931e-03 2.831e-02 2.099e-12 5.890e-07 3.316e-10

Total solve time: 0.87s

Solving the TR2 Step
Iter Lin  Potential     Boron   Arsenic       Int       Vac  ICluster        B4       As3 
  1    3  5.075e-05 3.911e+01 1.202e+02 5.135e+00 3.586e+02 1.328e-03 6.440e-03 7.048e+00
  2    3  1.716e-09 9.908e-06 4.365e-03 6.546e-03 6.279e+00 5.988e-11 1.276e-06 1.767e-11
  3    3  5.599e-13 1.634e-07 7.568e-05 1.797e-03 4.278e-02 7.905e-13 3.088e-08 5.256e-13
- - - - - - - - - - - - - - - - - - - - - - - - - - - - - - - - - - - - - - - 
Reaction :   0.03705s   to   0.05336s   step    :   0.01631s   temp: 500.0C

Solving the TR Step
Iter Lin  SiliconReact ORSoxygen 
  1    4     1.408e+03 2.705e+03

Solving the BDF Step
Iter Lin  SiliconReact ORSoxygen 
  1    4     4.867e+02 1.468e+03

Total solve time: 0.06s
- - - - - - - - - - - - - - - - - - - - - - - - - - - - - - - - - - - - - - - 
Mechanics:   0.03705s   to   0.05336s   step    :   0.01631s   temp: 500.0C
  lin norm 1.5992e-11  vel err 1.2160e-05
Interpolating...elapsed time: 0.07
- - - - - - - - - - - - - - - - - - - - - - - - - - - - - - - - - - - - - - - 
Diffusion:   0.03705s   to   0.05336s   step (s):   0.01631s   temp: 500.0C

Solving the TR Step
Iter Lin  Potential     Boron   Arsenic       Int       Vac  ICluster        B4       As3 
  1    3  4.631e-02 5.452e+02 1.866e+05 2.711e+02 5.667e+02 2.486e-02 9.225e-01 1.024e+02
  2    4  2.871e-03 3.900e-03 6.594e+01 3.677e-01 2.853e+02 5.594e-07 2.363e-03 6.638e-07
  3    3  1.540e-05 8.702e-05 2.781e-01 2.738e-02 7.197e+01 2.764e-11 1.097e-05 3.312e-09
  4    3  6.581e-07 6.206e-06 3.864e-03 2.843e-03 6.443e-01 1.557e-12 1.127e-07 1.245e-10

Solving the BDF Step
Iter Lin  Potential     Boron   Arsenic       Int       Vac  ICluster        B4       As3 
  1    3  2.096e-02 3.232e+02 1.058e+05 1.665e+02 7.254e+02 2.056e-02 5.866e-01 1.113e+02
  2    4  2.059e-04 1.686e-03 2.625e+01 1.674e-01 7.465e+00 2.630e-07 7.658e-04 3.424e-07
  3    3  6.034e-06 3.853e-06 7.862e-02 7.175e-03 4.645e-01 3.781e-12 1.870e-06 7.477e-10

Total solve time: 0.79s

Solving the TR2 Step
Iter Lin  Potential     Boron   Arsenic       Int       Vac  ICluster        B4       As3 
  1    3  5.259e-05 6.551e+00 1.593e+02 4.049e+00 2.552e+02 8.897e-04 5.858e-03 7.431e+00
  2    4  1.115e-09 2.127e-06 9.001e-04 3.374e-03 4.414e+00 4.968e-11 9.592e-07 1.674e-12
  3    4  1.126e-13 1.792e-08 7.169e-06 5.228e-04 3.006e-02 6.341e-13 2.720e-09 3.726e-13
- - - - - - - - - - - - - - - - - - - - - - - - - - - - - - - - - - - - - - - 
Reaction :   0.05336s   to   0.07758s   step    :   0.02422s   temp: 500.0C

Solving the TR Step
Iter Lin  SiliconReact ORSoxygen 
  1    4     1.260e+03 3.021e+03

Solving the BDF Step
Iter Lin  SiliconReact ORSoxygen 
  1    4     5.131e+02 1.638e+03

Total solve time: 0.06s
- - - - - - - - - - - - - - - - - - - - - - - - - - - - - - - - - - - - - - - 
Mechanics:   0.05336s   to   0.07758s   step    :   0.02422s   temp: 500.0C
  lin norm 2.0262e-11  vel err 9.8377e-06
Interpolating...elapsed time: 0.07
- - - - - - - - - - - - - - - - - - - - - - - - - - - - - - - - - - - - - - - 
Diffusion:   0.05336s   to   0.07758s   step (s):   0.02422s   temp: 500.0C

Solving the TR Step
Iter Lin  Potential     Boron   Arsenic       Int       Vac  ICluster        B4       As3 
  1    3  6.489e-02 2.103e+05 1.894e+05 2.952e+02 7.696e+02 1.712e-02 1.092e+00 8.127e+01
  2    4  5.803e-03 7.673e-03 1.271e+02 5.255e-01 4.105e+02 1.605e-06 3.297e-03 2.058e-06
  3    3  5.556e-05 1.565e-04 6.790e-01 2.652e-02 9.092e+01 6.109e-11 1.875e-05 9.343e-09
  4    3  3.852e-06 6.439e-06 3.729e-03 2.161e-03 1.109e+00 4.766e-12 2.012e-06 6.280e-11

Solving the BDF Step
Iter Lin  Potential     Boron   Arsenic       Int       Vac  ICluster        B4       As3 
  1    3  2.921e-02 3.609e+02 1.052e+05 1.842e+02 1.018e+03 1.839e-02 6.874e-01 9.483e+01
  2    4  3.140e-04 2.934e-03 5.024e+01 2.025e-01 5.583e+01 7.408e-07 1.108e-03 9.018e-07
  3    3  1.451e-05 8.652e-05 1.766e-01 1.998e-02 7.584e+00 2.453e-11 1.057e-05 2.517e-09
  4    3  7.545e-07 3.418e-05 1.106e-02 9.117e-03 1.198e+00 9.796e-12 4.990e-06 9.616e-12

Total solve time: 0.82s

Solving the TR2 Step
Iter Lin  Potential     Boron   Arsenic       Int       Vac  ICluster        B4       As3 
  1    3  2.123e-04 8.325e+01 2.675e+02 4.006e+00 3.613e+02 1.746e-03 7.520e-03 1.163e+01
  2    4  3.661e-08 1.123e-06 2.341e-03 3.715e-03 6.252e+00 9.109e-11 1.141e-06 1.490e-11
  3    4  1.786e-11 7.356e-08 2.148e-05 7.594e-04 4.259e-02 7.729e-13 6.836e-09 4.602e-13
- - - - - - - - - - - - - - - - - - - - - - - - - - - - - - - - - - - - - - - 
Reaction :   0.07758s   to    0.1108s   step    :   0.03326s   temp: 500.0C

Solving the TR Step
Iter Lin  SiliconReact ORSoxygen 
  1    4     1.270e+03 3.071e+03

Solving the BDF Step
Iter Lin  SiliconReact ORSoxygen 
  1    4     6.229e+02 1.681e+03

Total solve time: 0.07s
- - - - - - - - - - - - - - - - - - - - - - - - - - - - - - - - - - - - - - - 
Mechanics:   0.07758s   to    0.1108s   step    :   0.03326s   temp: 500.0C
  lin norm 6.9770e-12  vel err 9.6833e-06
Interpolating...elapsed time: 0.07
- - - - - - - - - - - - - - - - - - - - - - - - - - - - - - - - - - - - - - - 
Diffusion:   0.07758s   to    0.1108s   step (s):   0.03326s   temp: 500.0C

Solving the TR Step
Iter Lin  Potential     Boron   Arsenic       Int       Vac  ICluster        B4       As3 
  1    3  7.523e-02 6.468e+02 1.712e+05 3.081e+02 8.863e+02 1.585e-02 1.175e+00 6.966e+01
  2    4  7.208e-03 1.211e-02 1.942e+02 6.259e-01 5.808e+02 3.515e-06 3.772e-03 4.661e-06
  3    3  2.346e-05 1.466e-04 1.170e+00 1.929e-02 1.319e+02 1.037e-10 1.034e-05 3.247e-08
  4    3  1.252e-06 1.938e-05 1.404e-02 5.261e-03 1.252e+00 2.060e-11 2.298e-06 2.841e-10

Solving the BDF Step
Iter Lin  Potential     Boron   Arsenic       Int       Vac  ICluster        B4       As3 
  1    3  2.326e-02 3.721e+02 9.493e+04 1.959e+02 1.217e+03 1.970e-02 7.362e-01 1.014e+02
  2    4  5.598e-04 4.618e-03 7.695e+01 2.431e-01 4.070e+00 1.591e-06 1.323e-03 1.701e-06
  3    3  3.175e-05 9.966e-05 2.981e-01 1.907e-02 1.434e-01 3.100e-11 1.186e-05 8.755e-09

Total solve time: 0.79s

Solving the TR2 Step
Iter Lin  Potential     Boron   Arsenic       Int       Vac  ICluster        B4       As3 
  1    3  1.021e-04 2.063e+01 3.511e+02 3.526e+00 4.450e+02 3.804e-03 8.275e-03 2.554e+01
  2    4  6.688e-09 1.332e-05 6.420e-03 5.951e-03 7.670e+00 1.412e-10 7.619e-07 1.967e-10
  3    4  3.654e-12 6.136e-07 2.242e-04 1.580e-03 5.225e-02 6.616e-13 1.003e-07 4.062e-13
- - - - - - - - - - - - - - - - - - - - - - - - - - - - - - - - - - - - - - - 
Reaction :    0.1108s   to    0.1543s   step    :   0.04346s   temp: 500.0C

Solving the TR Step
Iter Lin  SiliconReact ORSoxygen 
  1    4     1.246e+03 2.996e+03

Solving the BDF Step
Iter Lin  SiliconReact ORSoxygen 
  1    4     1.191e+03 1.659e+03

Total solve time: 0.06s
- - - - - - - - - - - - - - - - - - - - - - - - - - - - - - - - - - - - - - - 
Mechanics:    0.1108s   to    0.1543s   step    :   0.04346s   temp: 500.0C
  lin norm 9.8595e-12  vel err 9.2598e-06
Interpolating...elapsed time: 0.07
- - - - - - - - - - - - - - - - - - - - - - - - - - - - - - - - - - - - - - - 
Diffusion:    0.1108s   to    0.1326s   step (g):   0.02173s   temp: 500.0C

Solving the TR Step
Iter Lin  Potential     Boron   Arsenic       Int       Vac  ICluster        B4       As3 
  1    3  9.309e-02 3.035e+02 7.491e+04 1.668e+02 6.629e+02 9.224e-03 6.185e-01 4.348e+01
  2    4  2.003e-02 1.244e-03 3.527e+01 3.930e-01 4.257e+02 8.238e-07 6.762e-04 7.957e-07
  3    3  2.532e-05 2.432e-04 1.363e-01 7.428e-02 1.485e+02 7.259e-11 3.134e-05 1.652e-08
  4    3  1.658e-06 8.166e-04 2.231e-01 2.698e-01 4.755e+01 1.745e-10 8.796e-05 5.132e-10
  5    3  1.846e-10 3.159e-07 6.879e-05 2.715e-05 1.122e-02 8.614e-13 3.739e-08 5.192e-13

Solving the BDF Step
Iter Lin  Potential     Boron   Arsenic       Int       Vac  ICluster        B4       As3 
  1    3  1.830e-02 1.914e+02 4.674e+04 1.119e+02 9.762e+02 6.480e-03 4.086e-01 3.226e+01
  2    4  2.206e-04 1.005e-03 1.542e+01 8.353e-02 2.033e+00 3.871e-07 2.346e-04 3.980e-07
  3    3  5.815e-06 1.710e-06 4.213e-02 4.683e-04 8.849e-02 1.789e-12 2.764e-07 1.143e-09

Total solve time: 0.85s

Solving the TR2 Step
Iter Lin  Potential     Boron   Arsenic       Int       Vac  ICluster        B4       As3 
  1    3  2.929e-05 1.735e+01 7.036e+01 6.856e-01 3.598e+02 1.949e-04 1.503e-03 8.403e-01
  2    4  1.359e-09 8.618e-07 2.754e-04 2.485e-03 6.266e+00 2.639e-12 2.435e-07 1.048e-12
  3    4  1.475e-13 9.791e-09 2.325e-06 2.868e-04 4.268e-02 7.812e-13 8.255e-10 4.594e-13
Interpolating...elapsed time: 0.06
- - - - - - - - - - - - - - - - - - - - - - - - - - - - - - - - - - - - - - - 
Diffusion:    0.1326s   to    0.1543s   step (r):   0.02173s   temp: 500.0C

Solving the TR Step
Iter Lin  Potential     Boron   Arsenic       Int       Vac  ICluster        B4       As3 
  1    3  2.486e-02 2.614e+02 5.996e+04 1.495e+02 3.345e+02 1.019e-02 5.407e-01 5.353e+01
  2    4  3.078e-04 1.756e-03 2.668e+01 1.488e-01 1.542e+01 7.287e-07 3.915e-04 7.579e-07
  3    3  8.605e-06 7.066e-06 1.016e-01 1.325e-03 1.557e+00 3.810e-12 5.387e-07 2.852e-09

Solving the BDF Step
Iter Lin  Potential     Boron   Arsenic       Int       Vac  ICluster        B4       As3 
  1    3  1.959e-02 1.725e+02 3.802e+04 1.014e+02 2.590e+02 1.271e-02 3.596e-01 5.358e+01
  2    4  1.259e-04 7.976e-04 1.182e+01 6.719e-02 2.543e+01 3.435e-07 1.698e-04 3.896e-07
  3    3  2.444e-06 5.754e-06 3.139e-02 1.771e-03 2.882e+00 2.448e-12 3.895e-07 1.053e-09

Total solve time: 0.74s

Solving the TR2 Step
Iter Lin  Potential     Boron   Arsenic       Int       Vac  ICluster        B4       As3 
  1    3  3.658e-05 5.107e+00 5.159e+01 3.686e-01 1.152e+01 9.273e-04 9.404e-04 3.120e+00
  2    3  2.254e-09 9.827e-07 2.226e-04 5.981e-05 1.392e-04 1.092e-12 1.980e-08 3.959e-12
- - - - - - - - - - - - - - - - - - - - - - - - - - - - - - - - - - - - - - - 
Reaction :    0.1543s   to    0.2093s   step    :   0.05506s   temp: 500.0C

Solving the TR Step
Iter Lin  SiliconReact ORSoxygen 
  1    4     1.405e+03 2.888e+03
  2    3     9.632e+02 3.908e-10
  3    3     7.789e+02 4.437e-13
  4    3     2.650e+01 3.095e-13
  5    3     1.836e-01 3.105e-13

Solving the BDF Step
Iter Lin  SiliconReact ORSoxygen 
  1    4     3.901e+06 1.637e+03

Total solve time: 0.09s
- - - - - - - - - - - - - - - - - - - - - - - - - - - - - - - - - - - - - - - 
Mechanics:    0.1543s   to    0.2093s   step    :   0.05506s   temp: 500.0C
  lin norm 3.6169e-11  vel err 8.7171e-06
Interpolating...elapsed time: 0.06
- - - - - - - - - - - - - - - - - - - - - - - - - - - - - - - - - - - - - - - 
Diffusion:    0.1543s   to    0.2093s   step (s):   0.05506s   temp: 500.0C

Solving the TR Step
Iter Lin  Potential     Boron   Arsenic       Int       Vac  ICluster        B4       As3 
  1    3  1.059e-01 6.375e+02 1.197e+05 3.328e+02 1.045e+03 2.364e-02 1.156e+00 1.120e+02
  2    4  1.884e-02 1.507e-02 3.035e+02 4.959e-01 7.017e+02 1.007e-05 4.468e-03 2.150e-05
  3    3  1.115e-05 1.069e-03 2.210e+00 1.155e-01 2.066e+02 1.019e-09 6.094e-05 1.557e-07
  4    3  5.853e-06 1.991e-03 8.295e-01 2.147e-01 1.978e+02 1.591e-09 9.985e-05 4.090e-09
  5    3  1.248e-10 4.098e-09 3.506e-06 3.797e-04 1.728e-02 7.883e-13 1.567e-08 7.741e-13

Solving the BDF Step
Iter Lin  Potential     Boron   Arsenic       Int       Vac  ICluster        B4       As3 
  1    3  1.647e-02 3.879e+02 6.717e+04 2.184e+02 1.417e+03 2.929e-02 7.147e-01 1.411e+02
  2    4  2.832e-04 5.941e-03 1.156e+02 1.818e-01 1.076e+01 4.397e-06 1.633e-03 5.582e-06
  3    3  1.418e-05 1.349e-04 4.184e-01 1.533e-02 4.929e-01 6.652e-11 8.048e-06 3.473e-08

Total solve time: 0.85s

Solving the TR2 Step
Iter Lin  Potential     Boron   Arsenic       Int       Vac  ICluster        B4       As3 
  1    3  2.145e-04 2.658e+01 5.501e+02 2.630e+00 5.894e+02 5.889e-03 8.694e-03 3.254e+01
  2    3  5.447e-08 5.347e-06 1.823e+02 6.360e-03 2.876e+02 2.491e-10 1.057e-06 2.118e-08
  3    3  1.552e-09 7.945e-06 6.067e+00 1.696e-03 1.074e+02 8.183e-12 3.803e-07 4.441e-12
  4    3  3.916e-12 1.845e-08 4.199e-02 5.997e-04 1.142e+00 7.160e-13 1.547e-10 4.382e-13
- - - - - - - - - - - - - - - - - - - - - - - - - - - - - - - - - - - - - - - 
Reaction :    0.2093s   to    0.2771s   step    :   0.06771s   temp: 500.0C

Solving the TR Step
Iter Lin  SiliconReact ORSoxygen 
  1    4     1.084e+03 2.787e+03

Solving the BDF Step
Iter Lin  SiliconReact ORSoxygen 
  1    4     9.799e+02 1.618e+03

Total solve time: 0.06s
- - - - - - - - - - - - - - - - - - - - - - - - - - - - - - - - - - - - - - - 
Mechanics:    0.2093s   to    0.2771s   step    :   0.06771s   temp: 500.0C
  lin norm 3.2140e-12  vel err 7.9278e-06
Interpolating...elapsed time: 0.06
- - - - - - - - - - - - - - - - - - - - - - - - - - - - - - - - - - - - - - - 
Diffusion:    0.2093s   to    0.2771s   step (s):   0.06771s   temp: 500.0C

Solving the TR Step
Iter Lin  Potential     Boron   Arsenic       Int       Vac  ICluster        B4       As3 
  1    3  1.032e-01 6.391e+02 9.601e+04 3.447e+02 1.159e+03 3.056e-02 1.074e+00 1.436e+02
  2    4  2.791e-02 1.562e-02 3.129e+02 4.378e-01 7.733e+02 1.420e-05 4.526e-03 2.924e-05
  3    3  9.337e-05 2.627e-03 1.724e+00 1.971e-01 1.694e+02 2.057e-09 1.428e-04 2.375e-07
  4    3  9.074e-06 7.570e-04 3.496e-01 6.012e-02 2.468e+00 7.578e-10 4.736e-05 3.169e-09

Solving the BDF Step
Iter Lin  Potential     Boron   Arsenic       Int       Vac  ICluster        B4       As3 
  1    3  2.308e-02 3.879e+02 5.433e+04 2.283e+02 1.632e+03 2.699e-02 6.599e-01 1.407e+02
  2    4  8.047e-04 8.430e-03 1.169e+02 3.002e-01 3.390e+00 6.138e-06 1.582e-03 1.229e-04
  3    3  6.558e-05 8.316e-04 4.045e-01 7.664e-02 1.894e-01 2.505e-10 4.586e-05 7.995e-08

Total solve time: 0.78s

Solving the TR2 Step
Iter Lin  Potential     Boron   Arsenic       Int       Vac  ICluster        B4       As3 
  1    3  2.157e-04 1.231e+01 5.174e+02 2.357e+00 6.677e+02 2.066e-03 8.333e-03 1.323e+01
  2    4  6.331e-08 4.183e-05 8.985e-03 6.424e-03 2.907e+02 2.861e-10 1.164e-06 6.375e-07
  3    4  5.516e-09 2.688e-07 2.300e-04 2.371e-03 2.054e+02 2.503e-12 1.112e-07 1.015e-12
  4    4  1.952e-14 6.866e-11 1.545e-08 1.164e-03 4.618e+00 5.844e-13 1.069e-12 3.617e-13
  5    4  1.027e-14 3.637e-11 8.815e-09 6.401e-04 3.162e-02 5.718e-13 9.347e-13 3.673e-13
- - - - - - - - - - - - - - - - - - - - - - - - - - - - - - - - - - - - - - - 
Reaction :    0.2771s   to    0.3581s   step    :   0.08106s   temp: 500.0C

Solving the TR Step
Iter Lin  SiliconReact ORSoxygen 
  1    4     1.567e+03 2.639e+03
  2    3     9.587e+02 1.826e-09
  3    3     7.729e+02 5.196e-13
  4    3     2.597e+01 6.247e-13
  5    3     1.798e-01 6.782e-13

Solving the BDF Step
Iter Lin  SiliconReact ORSoxygen 
  1    4     3.868e+07 1.551e+03

Total solve time: 0.09s
- - - - - - - - - - - - - - - - - - - - - - - - - - - - - - - - - - - - - - - 
Mechanics:    0.2771s   to    0.3581s   step    :   0.08106s   temp: 500.0C
  lin norm 4.2755e-11  vel err 7.2141e-06
Interpolating...elapsed time: 0.07
- - - - - - - - - - - - - - - - - - - - - - - - - - - - - - - - - - - - - - - 
Diffusion:    0.2771s   to    0.3176s   step (g):   0.04053s   temp: 500.0C

Solving the TR Step
Iter Lin  Potential     Boron   Arsenic       Int       Vac  ICluster        B4       As3 
  1    3  1.100e-01 2.895e+02 3.941e+04 1.842e+02 7.444e+02 1.443e-02 5.003e-01 6.425e+01
  2    4  3.008e-02 1.840e-03 3.992e+01 7.037e-01 5.562e+02 2.366e-06 8.426e-04 1.811e-06
  3    3  8.244e-05 1.125e-03 2.047e-01 1.728e-01 1.832e+02 3.228e-10 8.724e-05 1.271e-07
  4    3  6.118e-06 2.501e-03 4.558e-01 4.110e-01 1.187e+02 5.614e-10 1.561e-04 8.108e-09
  5    3  8.069e-11 1.076e-07 4.901e-06 6.348e-05 1.491e-02 8.118e-13 1.577e-07 5.499e-13

Solving the BDF Step
Iter Lin  Potential     Boron   Arsenic       Int       Vac  ICluster        B4       As3 
  1    3  1.955e-02 1.892e+02 2.492e+04 1.253e+02 1.094e+03 1.243e-02 3.275e-01 5.382e+01
  2    4  3.835e-04 9.244e-04 1.696e+01 3.674e-02 5.619e+00 1.093e-06 2.463e-04 4.981e-07
  3    3  1.558e-05 6.741e-06 3.030e-02 1.044e-03 5.310e-01 3.994e-12 4.021e-07 1.208e-09

Total solve time: 0.84s

Solving the TR2 Step
Iter Lin  Potential     Boron   Arsenic       Int       Vac  ICluster        B4       As3 
  1    3  2.760e-05 1.808e+00 8.836e+01 7.927e-01 4.138e+02 6.380e-04 1.470e-03 1.999e+00
  2    4  1.689e-09 2.403e-06 3.811e-04 2.214e-03 7.017e+00 4.363e-12 8.611e-07 7.012e-12
  3    4  5.635e-13 1.296e-07 2.285e-05 3.006e-04 4.779e-02 7.325e-13 7.478e-09 4.583e-13
Interpolating...elapsed time: 0.06
- - - - - - - - - - - - - - - - - - - - - - - - - - - - - - - - - - - - - - - 
Diffusion:    0.3176s   to    0.3581s   step (r):   0.04053s   temp: 500.0C

Solving the TR Step
Iter Lin  Potential     Boron   Arsenic       Int       Vac  ICluster        B4       As3 
  1    3  3.889e-02 2.600e+02 3.198e+04 1.700e+02 4.893e+02 2.569e-02 4.293e-01 7.585e+01
  2    4  1.287e-03 1.607e-03 2.877e+01 6.966e-02 2.890e+02 2.025e-06 4.250e-04 4.764e-07
  3    3  4.319e-05 3.445e-05 6.676e-02 7.542e-03 2.790e+01 2.253e-11 1.253e-06 2.483e-09
  4    3  1.539e-06 1.431e-06 2.342e-03 3.654e-04 6.197e+00 1.708e-12 7.800e-08 3.006e-11
  5    3  5.635e-08 3.351e-07 7.553e-04 9.038e-05 1.702e+00 8.030e-13 1.042e-08 8.136e-13

Solving the BDF Step
Iter Lin  Potential     Boron   Arsenic       Int       Vac  ICluster        B4       As3 
  1    4  2.775e-02 1.721e+02 2.045e+04 1.169e+02 5.848e+02 2.568e-02 2.826e-01 6.390e+01
  2    4  1.669e-04 7.062e-04 1.240e+01 3.745e-02 4.370e+02 9.402e-07 1.876e-04 5.197e-07
  3    3  3.103e-06 1.041e-05 1.894e-02 2.238e-03 6.224e+01 5.864e-12 3.300e-07 1.439e-09
  4    3  8.690e-08 2.367e-06 4.604e-04 5.725e-04 2.823e+01 1.941e-12 7.075e-08 7.171e-12
  5    3  5.078e-09 4.312e-07 7.852e-05 1.120e-04 6.782e+00 8.384e-13 1.302e-08 4.613e-13

Total solve time: 0.91s

Solving the TR2 Step
Iter Lin  Potential     Boron   Arsenic       Int       Vac  ICluster        B4       As3 
  1    4  1.037e-04 4.813e+00 5.590e+01 4.199e-01 1.820e+02 9.334e-04 8.650e-04 1.483e+00
  2    4  3.474e-08 2.989e-06 5.200e-04 3.357e-04 3.135e+00 3.538e-12 2.139e-07 4.065e-10
  3    4  2.586e-11 1.252e-08 2.109e-06 5.924e-06 2.135e-02 7.401e-13 5.706e-10 4.629e-13
- - - - - - - - - - - - - - - - - - - - - - - - - - - - - - - - - - - - - - - 
Reaction :    0.3581s   to    0.4238s   step    :   0.06567s   temp: 500.0C

Solving the TR Step
Iter Lin  SiliconReact ORSoxygen 
  1    4     6.572e+03 1.631e+03
  2    4     1.349e+03 1.330e-11
  3    4     1.058e+03 5.705e-13
  4    4     3.209e+01 5.898e-13
  5    4     2.214e-01 5.838e-13

Solving the BDF Step
Iter Lin  SiliconReact ORSoxygen 
  1    4     4.396e+07 1.035e+03

Total solve time: 0.08s
- - - - - - - - - - - - - - - - - - - - - - - - - - - - - - - - - - - - - - - 
Mechanics:    0.3581s   to    0.4238s   step    :   0.06567s   temp: 500.0C
  lin norm 1.0803e-11  vel err 9.6411e-06
Interpolating...elapsed time: 0.06
- - - - - - - - - - - - - - - - - - - - - - - - - - - - - - - - - - - - - - - 
Diffusion:    0.3581s   to    0.4238s   step (s):   0.06567s   temp: 500.0C

Solving the TR Step
Iter Lin  Potential     Boron   Arsenic       Int       Vac  ICluster        B4       As3 
  1    4  8.369e-02 3.923e+02 4.237e+04 2.533e+02 8.131e+02 2.282e-02 5.894e-01 9.449e+01
  2    4  1.992e-02 4.512e-03 8.259e+01 1.360e-01 5.303e+02 7.269e-06 1.344e-03 3.681e-06
  3    3  2.772e-06 9.348e-04 2.247e+00 1.113e-01 7.523e+01 8.964e-10 2.513e-05 2.699e-08
  4    3  8.044e-08 2.625e-04 8.116e-02 3.529e-02 6.465e-01 3.126e-10 7.448e-06 2.423e-10

Solving the BDF Step
Iter Lin  Potential     Boron   Arsenic       Int       Vac  ICluster        B4       As3 
  1    3  9.993e-03 2.500e+02 2.608e+04 1.724e+02 1.115e+03 2.197e-02 3.747e-01 8.590e+01
  2    4  1.112e-04 1.818e-03 3.462e+01 5.343e-02 1.448e+00 3.252e-06 5.498e-04 1.826e-06
  3    3  4.379e-06 1.190e-04 6.070e-02 1.071e-02 1.836e-02 3.857e-11 5.317e-06 6.677e-09

Total solve time: 0.77s

Solving the TR2 Step
Iter Lin  Potential     Boron   Arsenic       Int       Vac  ICluster        B4       As3 
  1    3  8.149e-05 3.697e+00 4.421e+02 1.018e+00 4.404e+02 1.821e-03 2.572e-03 4.195e+00
  2    4  1.507e-08 1.033e-05 6.805e-02 2.893e-03 7.035e+00 4.503e-11 3.414e-07 2.506e-11
  3    4  7.205e-12 2.150e-07 2.793e-05 9.403e-04 4.791e-02 7.135e-13 5.291e-09 3.769e-13
- - - - - - - - - - - - - - - - - - - - - - - - - - - - - - - - - - - - - - - 
Reaction :    0.4238s   to       0.5s   step    :   0.07621s   temp: 500.0C

Solving the TR Step
Iter Lin  SiliconReact ORSoxygen 
  1    4     1.413e+03 4.467e+03

Solving the BDF Step
Iter Lin  SiliconReact ORSoxygen 
  1    4     9.197e+02 1.196e+03

Total solve time: 0.06s
- - - - - - - - - - - - - - - - - - - - - - - - - - - - - - - - - - - - - - - 
Mechanics:    0.4238s   to       0.5s   step    :   0.07621s   temp: 500.0C
  lin norm 2.9052e-12  vel err 6.6301e-06
Interpolating...elapsed time: 0.06
- - - - - - - - - - - - - - - - - - - - - - - - - - - - - - - - - - - - - - - 
Diffusion:    0.4238s   to       0.5s   step (s):   0.07621s   temp: 500.0C

Solving the TR Step
Iter Lin  Potential     Boron   Arsenic       Int       Vac  ICluster        B4       As3 
  1    4  4.732e-02 3.988e+02 3.711e+04 2.664e+02 7.261e+02 4.316e-02 5.481e-01 1.511e+02
  2    4  3.234e-03 6.896e-03 8.468e+01 2.162e-01 4.449e+02 9.044e-06 1.340e-03 1.827e-06
  3    3  3.428e-05 9.621e-04 2.339e-01 6.977e-02 3.708e+01 4.305e-10 2.951e-05 2.186e-08
  4    3  2.900e-06 8.127e-05 1.276e-02 7.229e-03 2.768e-01 5.106e-11 5.931e-06 2.011e-10

Solving the BDF Step
Iter Lin  Potential     Boron   Arsenic       Int       Vac  ICluster        B4       As3 
  1    3  1.430e-02 2.583e+02 2.269e+04 1.813e+02 9.005e+02 3.542e-02 3.460e-01 1.298e+02
  2    4  4.106e-04 3.721e-03 3.366e+01 1.465e-01 1.829e+00 4.017e-06 5.479e-04 1.803e-06
  3    3  3.220e-05 2.367e-05 5.969e-02 3.433e-03 3.695e-02 4.674e-11 3.194e-06 1.571e-08

Total solve time: 0.78s

Solving the TR2 Step
Iter Lin  Potential     Boron   Arsenic       Int       Vac  ICluster        B4       As3 
  1    3  1.436e-04 5.137e+00 1.555e+02 9.964e-01 3.131e+02 1.222e-03 2.417e-03 1.372e+00
  2    4  7.751e-08 8.598e-06 2.031e-03 1.451e-03 5.444e+00 6.289e-11 3.523e-07 5.669e-09
  3    4  9.661e-11 5.898e-08 9.051e-06 4.125e-04 3.708e-02 7.197e-13 2.550e-09 4.561e-13

Elapsed time for diffuse 84.33s
--------------------------------------------------- Clean implant fields ------
Int_Implant Vac_Implant
-------------------------------------------------------------------------------

------------------------------------------------------------------ strip -----
strip Nickel
------------------------------------------------------------------------------
MGoals time: 0.0110841

Remeshing to match geometry after strip command ...
------------------------------------------------------------------------------
Refinement Boxes:
* Name: (not named), Type: Interface
* Name: WellVt, Type: Standard
* Name: ExtImp, Type: Standard
* Name: ExtXY, Type: Standard
* Name: ExtIF, Type: Interface
------------------------------------------------------------------------------
Generating SnMesh mesh... 
** Generating 2d grid **

Creating binary tree...done.
Imprinting binary tree on the boundary...done.
Optimizing boundary nodes...done.

Number of vertices after binary tree generation : 
  1777 (tree) + 373 (boundary)


=================================  brep2d quality  =====================================
minAngle: 59.2384  [near (-0.00180004 0.0226203)] at region=NickelSilicide_1
nVerts = 373  nTris = 380  nRegs = 23
bmin: 10 0
bmax: -0.153594 0.05125
min area: 2.6401e-05  max area: 2.5  total area  : 20.6314 interface area: 0.22176
total volume: 0.520372
Conformal? true
Are all boundaries on bbox? true
==================================================================================
** Delaunizing the mesh **

Creating delaunizer input...done.
Solving edges...done 
Optimizing elements...done. (2103 vertices)
Fixing diagonals...done.

The final mesh has: 
    2099 points.
    4034 elements.
       8 regions.
Max. connectivity = 10 located at (0.00427246;0.0192188)

SnMesh time: 0.232965

========================  tri-grid quality (Gas excluded)  =======================
    0  10  20  30  40  50  60  70  80  90 100 110 120 130 140 150 160 170 180
 %    2   3   7   4  15  15   5   7   3  30  .    1  .   .   .   .   .     
---------------------------------------------------------------------------------
minAngle: 0.0367051  maxAngle: 160.724
nVerts = 2099  nTris = 4034  nMats = 8
max connectivity (tris per node): 10
bmin: 10 0
bmax: -0.153594 0.05125
min edgeLength: 9.37576e-06  [near (0.00426777 0.0203224)]
min volume: 1.54373e-10  max volume: 0.0320313  Total volume: 0.513316
bbox  volume: 0.520372
Are all boundaries on bbox? true
=================================================================================
Initializing sprocess...time: 0.698894
Interpolating...elapsed time: 0.82
----------------------------------------------------------------- struct -----
struct tdr= "n606"
------------------------------------------------------------------------------
Points: 2099
Nodes: 2635
Edges: 6646
Faces: 4034
Volumes: 0

Writing file n606_fps.tdr...done

------------------------------------------------------------------------------
Summary:
Anneal time stepping:
  reaction/mechanics steps=24 minimum=4.4359e-03s maximum=0.219768s
  diffusion steps=26 minimum=8.2326e-05s maximum=0.0762138s
    grid limited=2 minimum=0.0217296s maximum=0.0405282s
    diffusion limited=24 minimum=8.2326e-05s maximum=0.0762138s
Edge/Face swapping:
 calls=179 flips=0
------------------------------------------------------------------------------

Elapsed Time:	00:01:56
User Time:	00:01:53
CPU Time:	00:01:51

Detailed CPU time report:

17.84 sec (17.3%) Diffusion step time. (24 calls).
14.34 sec (13.9%) Interface interpolation (59 calls).
12.49 sec (12.1%) MakeInterfaces (39 calls).
8.92 sec (8.7%) Solver(PDE). (329 calls).
7.32 sec (7.1%) solution command (47081 calls).
6.23 sec (6.0%) Serial mode assembly. (560 calls).
3.29 sec (3.2%) mater command (1590 calls).
3.15 sec (3.1%) Mechanics step (24 calls).
2.49 sec (2.4%) Store nodal values: Serial. (13488 calls).
2.26 sec (2.2%) reaction command (58 calls).
2.20 sec (2.1%) term command (5676 calls).
2.13 sec (2.1%) Arr command (24643 calls).
2.09 sec (2.0%) Bulk Interpolation (32 calls).
1.73 sec (1.7%) Reaction step time. (24 calls).
1.72 sec (1.7%) Other Program Parts (1 calls).
1.70 sec (1.7%) FieldServer copy (33 calls).
1.47 sec (1.4%) Total time spent in Symbolic. (3 calls).
1.29 sec (1.2%) SnMesh meshing (6 calls).
1.14 sec (1.1%) struct command (1 calls).
1.12 sec (1.1%) TS4Geom (79 calls).
1.00 sec (1.0%) sel command (1051 calls).
0.97 sec (0.9%) mgoals (6 calls).
0.92 sec (0.9%) Mechanics preassembly (28 calls).
0.87 sec (0.8%) init command (1 calls).
0.80 sec (0.8%) implant command (230 calls).
0.59 sec (0.6%) ArrBreak command (5777 calls).
0.57 sec (0.6%) Solver(Mechanics) (28 calls).
0.56 sec (0.5%) etch command (3 calls).


Detailed elapsed time report:

17.90 sec (17.2%) Diffusion step time. (24 calls).
14.35 sec (13.8%) Interface interpolation (59 calls).
12.50 sec (12.0%) MakeInterfaces (39 calls).
8.92 sec (8.6%) Solver(PDE). (329 calls).
7.33 sec (7.0%) solution command (47081 calls).
6.24 sec (6.0%) Serial mode assembly. (560 calls).
3.36 sec (3.2%) mater command (1590 calls).
3.16 sec (3.0%) Mechanics step (24 calls).
2.47 sec (2.4%) Store nodal values: Serial. (13488 calls).
2.27 sec (2.2%) reaction command (58 calls).
2.23 sec (2.1%) term command (5676 calls).
2.14 sec (2.1%) Arr command (24643 calls).
2.10 sec (2.0%) Bulk Interpolation (32 calls).
2.07 sec (2.0%) Other Program Parts (1 calls).
1.79 sec (1.7%) Reaction step time. (24 calls).
1.71 sec (1.6%) FieldServer copy (33 calls).
1.57 sec (1.5%) struct command (1 calls).
1.46 sec (1.4%) Total time spent in Symbolic. (3 calls).
1.29 sec (1.2%) SnMesh meshing (6 calls).
1.12 sec (1.1%) TS4Geom (79 calls).
0.98 sec (0.9%) sel command (1051 calls).
0.97 sec (0.9%) mgoals (6 calls).
0.91 sec (0.9%) Mechanics preassembly (28 calls).
0.91 sec (0.9%) implant command (230 calls).
0.90 sec (0.9%) init command (1 calls).
0.57 sec (0.5%) Solver(Mechanics) (28 calls).
0.57 sec (0.5%) etch command (3 calls).
0.56 sec (0.5%) ArrBreak command (5777 calls).

